[35m[1mConsolidate compiler generated dependencies of target environment_detection_node[0m
[ 50%] [32mBuilding CXX object CMakeFiles/environment_detection_node.dir/src/main.cpp.o[0m
[01m[K/home/ender/Desktop/dev_ws/src/environment_detection/src/main.cpp:[m[K In member function â€˜[01m[Kvoid AgvNode::find_and_process_contours(cv::Mat&, cv::Mat&)[m[Kâ€™:
[01m[K/home/ender/Desktop/dev_ws/src/environment_detection/src/main.cpp:62:68:[m[K [01;31m[Kerror: [m[Kâ€˜[01m[Ki[m[Kâ€™ was not declared in this scope
   62 |  static_cast<int>([01;31m[Ki[m[K), cv::Scalar(0, 255, 0), 2);
      |                   [01;31m[K^[m[K

gmake[2]: *** [CMakeFiles/environment_detection_node.dir/build.make:76: CMakeFiles/environment_detection_node.dir/src/main.cpp.o] Error 1
gmake[1]: *** [CMakeFiles/Makefile2:137: CMakeFiles/environment_detection_node.dir/all] Error 2
gmake: *** [Makefile:146: all] Error 2
