[0.011s] Invoking command in '/home/ender/Desktop/dev_ws/build/environment_detection': CMAKE_PREFIX_PATH=${CMAKE_PREFIX_PATH}:/home/ender/Desktop/dev_ws/install/nav_controller:/opt/ros/humble /usr/bin/cmake --build /home/ender/Desktop/dev_ws/build/environment_detection -- -j16 -l16
[0.040s] [35m[1mConsolidate compiler generated dependencies of target environment_detection_node[0m
[0.056s] [ 50%] [32mBuilding CXX object CMakeFiles/environment_detection_node.dir/src/main.cpp.o[0m
[1.852s] [01m[K/home/ender/Desktop/dev_ws/src/environment_detection/src/main.cpp:[m[K In member function â€˜[01m[Kvoid CameraSubscriber::image_callback(sensor_msgs::msg::Image_<std::allocator<void> >::SharedPtr)[m[Kâ€™:
[1.852s] [01m[K/home/ender/Desktop/dev_ws/src/environment_detection/src/main.cpp:79:29:[m[K [01;31m[Kerror: [m[Kâ€˜[01m[Kcv_bridge[m[Kâ€™ has not been declared
[1.852s]    79 |             cv::Mat frame = [01;31m[Kcv_bridge[m[K::toCvShare(msg, "bgr8")->image;
[1.852s]       |                             [01;31m[K^~~~~~~~~[m[K
[1.852s] [01m[K/home/ender/Desktop/dev_ws/src/environment_detection/src/main.cpp:84:24:[m[K [01;31m[Kerror: [m[KISO C++ forbids declaration of â€˜[01m[Kcv_bridge[m[Kâ€™ with no type [[01;31m[K]8;;https://gcc.gnu.org/onlinedocs/gcc/Warning-Options.html#index-fpermissive-fpermissive]8;;[m[K]
[1.852s]    84 |         } catch (const [01;31m[Kcv_bridge[m[K::Exception &e) {
[1.852s]       |                        [01;31m[K^~~~~~~~~[m[K
[1.852s] [01m[K/home/ender/Desktop/dev_ws/src/environment_detection/src/main.cpp:84:33:[m[K [01;31m[Kerror: [m[Kexpected â€˜[01m[K)[m[Kâ€™ before â€˜[01m[K::[m[Kâ€™ token
[1.852s]    84 |       } catch (const cv_bridge[01;31m[K::[m[KException &e) {
[1.852s]       |                               [01;31m[K^~[m[K
[1.852s] 
[1.852s] [01m[K/home/ender/Desktop/dev_ws/src/environment_detection/src/main.cpp:84:17:[m[K [01;36m[Knote: [m[Kto match this â€˜[01m[K([m[Kâ€™
[1.853s]    84 |         } catch [01;36m[K([m[Kconst cv_bridge::Exception &e) {
[1.853s]       |                 [01;36m[K^[m[K
[1.853s] [01m[K/home/ender/Desktop/dev_ws/src/environment_detection/src/main.cpp:84:33:[m[K [01;31m[Kerror: [m[Kexpected â€˜[01m[K{[m[Kâ€™ before â€˜[01m[K::[m[Kâ€™ token
[1.853s]    84 |       } catch (const cv_bridge[01;31m[K::[m[KException &e) {
[1.853s]       |                               [01;31m[K^~[m[K
[1.853s] 
[1.853s] [01m[K/home/ender/Desktop/dev_ws/src/environment_detection/src/main.cpp:84:35:[m[K [01;31m[Kerror: [m[Kâ€˜[01m[K::Exception[m[Kâ€™ has not been declared; did you mean â€˜[01m[Kcv::Exception[m[Kâ€™?
[1.853s]    84 |     } catch (const cv_bridge::[01;31m[KException[m[K &e) {
[1.853s]       |                               [01;31m[K^~~~~~~~~[m[K
[1.853s]       |                               [32m[Kcv::Exception[m[K
[1.853s] In file included from [01m[K/usr/include/opencv4/opencv2/opencv.hpp:52[m[K,
[1.853s]                  from [01m[K/home/ender/Desktop/dev_ws/src/environment_detection/src/main.cpp:5[m[K:
[1.853s] [01m[K/usr/include/opencv4/opencv2/core.hpp:118:18:[m[K [01;36m[Knote: [m[Kâ€˜[01m[Kcv::Exception[m[Kâ€™ declared here
[1.853s]   118 | class CV_EXPORTS [01;36m[KException[m[K : public std::exception
[1.853s]       |                  [01;36m[K^~~~~~~~~[m[K
[1.856s] [01m[K/home/ender/Desktop/dev_ws/src/environment_detection/src/main.cpp:84:46:[m[K [01;31m[Kerror: [m[Kâ€˜[01m[Ke[m[Kâ€™ was not declared in this scope
[1.856s]    84 | } catch (const cv_bridge::Exception &[01;31m[Ke[m[K) {
[1.856s]       |                                      [01;31m[K^[m[K
[1.856s] 
[4.466s] gmake[2]: *** [CMakeFiles/environment_detection_node.dir/build.make:76: CMakeFiles/environment_detection_node.dir/src/main.cpp.o] Error 1
[4.466s] gmake[1]: *** [CMakeFiles/Makefile2:137: CMakeFiles/environment_detection_node.dir/all] Error 2
[4.466s] gmake: *** [Makefile:146: all] Error 2
[4.467s] Invoked command in '/home/ender/Desktop/dev_ws/build/environment_detection' returned '2': CMAKE_PREFIX_PATH=${CMAKE_PREFIX_PATH}:/home/ender/Desktop/dev_ws/install/nav_controller:/opt/ros/humble /usr/bin/cmake --build /home/ender/Desktop/dev_ws/build/environment_detection -- -j16 -l16
