[0.008s] Invoking command in '/home/ender/Desktop/dev_ws/build/environment_detection': CMAKE_PREFIX_PATH=${CMAKE_PREFIX_PATH}:/home/ender/Desktop/dev_ws/install/nav_controller:/opt/ros/humble /usr/bin/cmake --build /home/ender/Desktop/dev_ws/build/environment_detection -- -j16 -l16
[0.026s] -- Found ament_cmake: 1.3.10 (/opt/ros/humble/share/ament_cmake/cmake)
[0.099s] -- Override CMake install command with custom implementation using symlinks instead of copying resources
[0.103s] -- Found rclcpp: 16.0.10 (/opt/ros/humble/share/rclcpp/cmake)
[0.119s] -- Found rosidl_generator_c: 3.1.5 (/opt/ros/humble/share/rosidl_generator_c/cmake)
[0.120s] -- Found rosidl_adapter: 3.1.5 (/opt/ros/humble/share/rosidl_adapter/cmake)
[0.123s] -- Found rosidl_generator_cpp: 3.1.5 (/opt/ros/humble/share/rosidl_generator_cpp/cmake)
[0.129s] -- Using all available rosidl_typesupport_c: rosidl_typesupport_fastrtps_c;rosidl_typesupport_introspection_c
[0.135s] -- Using all available rosidl_typesupport_cpp: rosidl_typesupport_fastrtps_cpp;rosidl_typesupport_introspection_cpp
[0.152s] -- Found rmw_implementation_cmake: 6.1.2 (/opt/ros/humble/share/rmw_implementation_cmake/cmake)
[0.153s] -- Found rmw_fastrtps_cpp: 6.2.7 (/opt/ros/humble/share/rmw_fastrtps_cpp/cmake)
[0.212s] -- Using RMW implementation 'rmw_fastrtps_cpp' as default
[0.238s] -- Found sensor_msgs: 4.2.4 (/opt/ros/humble/share/sensor_msgs/cmake)
[0.253s] -- Found nav_msgs: 4.2.4 (/opt/ros/humble/share/nav_msgs/cmake)
[0.266s] -- Found cv_bridge: 3.2.1 (/opt/ros/humble/share/cv_bridge/cmake)
[0.306s] -- Configuring done
[0.313s] -- Generating done
[0.314s] -- Build files have been written to: /home/ender/Desktop/dev_ws/build/environment_detection
[0.330s] [35m[1mConsolidate compiler generated dependencies of target environment_detection_node[0m
[0.344s] [ 33%] [32mBuilding CXX object CMakeFiles/environment_detection_node.dir/src/main.cpp.o[0m
[0.344s] [ 66%] [32mBuilding CXX object CMakeFiles/environment_detection_node.dir/src/agv_node.cpp.o[0m
[0.350s] In file included from [01m[K/home/ender/Desktop/dev_ws/src/environment_detection/src/main.cpp:1[m[K:
[0.350s] [01m[K/home/ender/Desktop/dev_ws/src/environment_detection/include/main.hpp:3:10:[m[K [01;31m[Kfatal error: [m[Kvehicle_node.hpp: No such file or directory
[0.350s]     3 | #include [01;31m[K"vehicle_node.hpp"[m[K
[0.350s]       |          [01;31m[K^~~~~~~~~~~~~~~~~~[m[K
[0.350s] compilation terminated.
[0.351s] gmake[2]: *** [CMakeFiles/environment_detection_node.dir/build.make:76: CMakeFiles/environment_detection_node.dir/src/main.cpp.o] Error 1
[0.351s] gmake[2]: *** Waiting for unfinished jobs....
[1.963s] [01m[K/home/ender/Desktop/dev_ws/src/environment_detection/src/agv_node.cpp:32:6:[m[K [01;31m[Kerror: [m[Kâ€˜[01m[KVehicleNode[m[Kâ€™ has not been declared
[1.963s]    32 | void [01;31m[KVehicleNode[m[K::image_callback(const sensor_msgs::msg::Image::SharedPtr msg)
[1.963s]       |      [01;31m[K^~~~~~~~~~~[m[K
[1.963s] In file included from [01m[K/opt/ros/humble/include/rclcpp/rclcpp/client.hpp:40[m[K,
[1.963s]                  from [01m[K/opt/ros/humble/include/rclcpp/rclcpp/callback_group.hpp:24[m[K,
[1.964s]                  from [01m[K/opt/ros/humble/include/rclcpp/rclcpp/any_executable.hpp:20[m[K,
[1.964s]                  from [01m[K/opt/ros/humble/include/rclcpp/rclcpp/memory_strategy.hpp:25[m[K,
[1.964s]                  from [01m[K/opt/ros/humble/include/rclcpp/rclcpp/memory_strategies.hpp:18[m[K,
[1.964s]                  from [01m[K/opt/ros/humble/include/rclcpp/rclcpp/executor_options.hpp:20[m[K,
[1.964s]                  from [01m[K/opt/ros/humble/include/rclcpp/rclcpp/executor.hpp:37[m[K,
[1.964s]                  from [01m[K/opt/ros/humble/include/rclcpp/rclcpp/executors/multi_threaded_executor.hpp:25[m[K,
[1.964s]                  from [01m[K/opt/ros/humble/include/rclcpp/rclcpp/executors.hpp:21[m[K,
[1.964s]                  from [01m[K/opt/ros/humble/include/rclcpp/rclcpp/rclcpp.hpp:155[m[K,
[1.964s]                  from [01m[K/home/ender/Desktop/dev_ws/src/environment_detection/include/agv_node.hpp:3[m[K,
[1.964s]                  from [01m[K/home/ender/Desktop/dev_ws/src/environment_detection/src/agv_node.cpp:1[m[K:
[1.964s] [01m[K/home/ender/Desktop/dev_ws/src/environment_detection/src/agv_node.cpp:[m[K In function â€˜[01m[Kvoid image_callback(sensor_msgs::msg::Image_<std::allocator<void> >::SharedPtr)[m[Kâ€™:
[1.964s] [01m[K/home/ender/Desktop/dev_ws/src/environment_detection/src/agv_node.cpp:34:17:[m[K [01;31m[Kerror: [m[Kinvalid use of â€˜[01m[Kthis[m[Kâ€™ in non-member function
[1.964s]    34 |     RCLCPP_INFO([01;31m[Kthis[m[K->get_logger(), "Received image with encoding: %s", msg->encoding.c_str());
[1.964s]       |                 [01;31m[K^~~~[m[K
[1.964s] [01m[K/home/ender/Desktop/dev_ws/src/environment_detection/src/agv_node.cpp:34:17:[m[K [01;31m[Kerror: [m[Kinvalid use of â€˜[01m[Kthis[m[Kâ€™ in non-member function
[1.964s] [01m[K/home/ender/Desktop/dev_ws/src/environment_detection/src/agv_node.cpp:34:5:[m[K [01;31m[Kerror: [m[Ktemplate argument 1 is invalid
[1.964s]    34 |     [01;31m[KRCLCPP_INFO[m[K(this->get_logger(), "Received image with encoding: %s", msg->encoding.c_str());
[1.964s]       |     [01;31m[K^~~~~~~~~~~[m[K
[1.964s] [01m[K/home/ender/Desktop/dev_ws/src/environment_detection/src/agv_node.cpp:34:5:[m[K [01;31m[Kerror: [m[Ktemplate argument 1 is invalid
[1.964s]    34 |     [01;31m[KRCLCPP_INFO[m[K(this->get_logger(), "Received image with encoding: %s", msg->encoding.c_str());
[1.964s]       |     [01;31m[K^~~~~~~~~~~[m[K
[1.964s] [01m[K/home/ender/Desktop/dev_ws/src/environment_detection/src/agv_node.cpp:34:5:[m[K [01;31m[Kerror: [m[Ktemplate argument 1 is invalid
[1.964s]    34 |     [01;31m[KRCLCPP_INFO[m[K(this->get_logger(), "Received image with encoding: %s", msg->encoding.c_str());
[1.964s]       |     [01;31m[K^~~~~~~~~~~[m[K
[1.964s] In file included from [01m[K/opt/ros/humble/include/rclcpp/rclcpp/logging.hpp:24[m[K,
[1.964s]                  from [01m[K/opt/ros/humble/include/rclcpp/rclcpp/client.hpp:40[m[K,
[1.964s]                  from [01m[K/opt/ros/humble/include/rclcpp/rclcpp/callback_group.hpp:24[m[K,
[1.964s]                  from [01m[K/opt/ros/humble/include/rclcpp/rclcpp/any_executable.hpp:20[m[K,
[1.964s]                  from [01m[K/opt/ros/humble/include/rclcpp/rclcpp/memory_strategy.hpp:25[m[K,
[1.964s]                  from [01m[K/opt/ros/humble/include/rclcpp/rclcpp/memory_strategies.hpp:18[m[K,
[1.964s]                  from [01m[K/opt/ros/humble/include/rclcpp/rclcpp/executor_options.hpp:20[m[K,
[1.964s]                  from [01m[K/opt/ros/humble/include/rclcpp/rclcpp/executor.hpp:37[m[K,
[1.964s]                  from [01m[K/opt/ros/humble/include/rclcpp/rclcpp/executors/multi_threaded_executor.hpp:25[m[K,
[1.964s]                  from [01m[K/opt/ros/humble/include/rclcpp/rclcpp/executors.hpp:21[m[K,
[1.964s]                  from [01m[K/opt/ros/humble/include/rclcpp/rclcpp/rclcpp.hpp:155[m[K,
[1.964s]                  from [01m[K/home/ender/Desktop/dev_ws/src/environment_detection/include/agv_node.hpp:3[m[K,
[1.964s]                  from [01m[K/home/ender/Desktop/dev_ws/src/environment_detection/src/agv_node.cpp:1[m[K:
[1.964s] [01m[K/home/ender/Desktop/dev_ws/src/environment_detection/src/agv_node.cpp:34:17:[m[K [01;31m[Kerror: [m[Kinvalid use of â€˜[01m[Kthis[m[Kâ€™ in non-member function
[1.964s]    34 |     RCLCPP_INFO([01;31m[Kthis[m[K->get_logger(), "Received image with encoding: %s", msg->encoding.c_str());
[1.964s]       |                 [01;31m[K^~~~[m[K
[1.964s] [01m[K/home/ender/Desktop/dev_ws/src/environment_detection/src/agv_node.cpp:34:17:[m[K [01;31m[Kerror: [m[Kinvalid use of â€˜[01m[Kthis[m[Kâ€™ in non-member function
[1.964s]    34 |     RCLCPP_INFO([01;31m[Kthis[m[K->get_logger(), "Received image with encoding: %s", msg->encoding.c_str());
[1.964s]       |                 [01;31m[K^~~~[m[K
[1.967s] In file included from [01m[K/opt/ros/humble/include/rclcpp/rclcpp/client.hpp:40[m[K,
[1.967s]                  from [01m[K/opt/ros/humble/include/rclcpp/rclcpp/callback_group.hpp:24[m[K,
[1.967s]                  from [01m[K/opt/ros/humble/include/rclcpp/rclcpp/any_executable.hpp:20[m[K,
[1.967s]                  from [01m[K/opt/ros/humble/include/rclcpp/rclcpp/memory_strategy.hpp:25[m[K,
[1.967s]                  from [01m[K/opt/ros/humble/include/rclcpp/rclcpp/memory_strategies.hpp:18[m[K,
[1.968s]                  from [01m[K/opt/ros/humble/include/rclcpp/rclcpp/executor_options.hpp:20[m[K,
[1.968s]                  from [01m[K/opt/ros/humble/include/rclcpp/rclcpp/executor.hpp:37[m[K,
[1.968s]                  from [01m[K/opt/ros/humble/include/rclcpp/rclcpp/executors/multi_threaded_executor.hpp:25[m[K,
[1.968s]                  from [01m[K/opt/ros/humble/include/rclcpp/rclcpp/executors.hpp:21[m[K,
[1.968s]                  from [01m[K/opt/ros/humble/include/rclcpp/rclcpp/rclcpp.hpp:155[m[K,
[1.968s]                  from [01m[K/home/ender/Desktop/dev_ws/src/environment_detection/include/agv_node.hpp:3[m[K,
[1.968s]                  from [01m[K/home/ender/Desktop/dev_ws/src/environment_detection/src/agv_node.cpp:1[m[K:
[1.968s] [01m[K/home/ender/Desktop/dev_ws/src/environment_detection/src/agv_node.cpp:44:22:[m[K [01;31m[Kerror: [m[Kinvalid use of â€˜[01m[Kthis[m[Kâ€™ in non-member function
[1.968s]    44 |         RCLCPP_ERROR([01;31m[Kthis[m[K->get_logger(), "Could not convert from '%s' to 'rgb8'.", msg->encoding.c_str());
[1.968s]       |                      [01;31m[K^~~~[m[K
[1.968s] [01m[K/home/ender/Desktop/dev_ws/src/environment_detection/src/agv_node.cpp:44:22:[m[K [01;31m[Kerror: [m[Kinvalid use of â€˜[01m[Kthis[m[Kâ€™ in non-member function
[1.968s] [01m[K/home/ender/Desktop/dev_ws/src/environment_detection/src/agv_node.cpp:44:9:[m[K [01;31m[Kerror: [m[Ktemplate argument 1 is invalid
[1.968s]    44 |         [01;31m[KRCLCPP_ERROR[m[K(this->get_logger(), "Could not convert from '%s' to 'rgb8'.", msg->encoding.c_str());
[1.968s]       |         [01;31m[K^~~~~~~~~~~~[m[K
[1.968s] [01m[K/home/ender/Desktop/dev_ws/src/environment_detection/src/agv_node.cpp:44:9:[m[K [01;31m[Kerror: [m[Ktemplate argument 1 is invalid
[1.968s]    44 |         [01;31m[KRCLCPP_ERROR[m[K(this->get_logger(), "Could not convert from '%s' to 'rgb8'.", msg->encoding.c_str());
[1.968s]       |         [01;31m[K^~~~~~~~~~~~[m[K
[1.968s] [01m[K/home/ender/Desktop/dev_ws/src/environment_detection/src/agv_node.cpp:44:9:[m[K [01;31m[Kerror: [m[Ktemplate argument 1 is invalid
[1.968s]    44 |         [01;31m[KRCLCPP_ERROR[m[K(this->get_logger(), "Could not convert from '%s' to 'rgb8'.", msg->encoding.c_str());
[1.968s]       |         [01;31m[K^~~~~~~~~~~~[m[K
[1.968s] In file included from [01m[K/opt/ros/humble/include/rclcpp/rclcpp/logging.hpp:24[m[K,
[1.968s]                  from [01m[K/opt/ros/humble/include/rclcpp/rclcpp/client.hpp:40[m[K,
[1.968s]                  from [01m[K/opt/ros/humble/include/rclcpp/rclcpp/callback_group.hpp:24[m[K,
[1.968s]                  from [01m[K/opt/ros/humble/include/rclcpp/rclcpp/any_executable.hpp:20[m[K,
[1.968s]                  from [01m[K/opt/ros/humble/include/rclcpp/rclcpp/memory_strategy.hpp:25[m[K,
[1.968s]                  from [01m[K/opt/ros/humble/include/rclcpp/rclcpp/memory_strategies.hpp:18[m[K,
[1.968s]                  from [01m[K/opt/ros/humble/include/rclcpp/rclcpp/executor_options.hpp:20[m[K,
[1.968s]                  from [01m[K/opt/ros/humble/include/rclcpp/rclcpp/executor.hpp:37[m[K,
[1.968s]                  from [01m[K/opt/ros/humble/include/rclcpp/rclcpp/executors/multi_threaded_executor.hpp:25[m[K,
[1.968s]                  from [01m[K/opt/ros/humble/include/rclcpp/rclcpp/executors.hpp:21[m[K,
[1.968s]                  from [01m[K/opt/ros/humble/include/rclcpp/rclcpp/rclcpp.hpp:155[m[K,
[1.968s]                  from [01m[K/home/ender/Desktop/dev_ws/src/environment_detection/include/agv_node.hpp:3[m[K,
[1.968s]                  from [01m[K/home/ender/Desktop/dev_ws/src/environment_detection/src/agv_node.cpp:1[m[K:
[1.968s] [01m[K/home/ender/Desktop/dev_ws/src/environment_detection/src/agv_node.cpp:44:22:[m[K [01;31m[Kerror: [m[Kinvalid use of â€˜[01m[Kthis[m[Kâ€™ in non-member function
[1.968s]    44 |         RCLCPP_ERROR([01;31m[Kthis[m[K->get_logger(), "Could not convert from '%s' to 'rgb8'.", msg->encoding.c_str());
[1.969s]       |                      [01;31m[K^~~~[m[K
[1.969s] [01m[K/home/ender/Desktop/dev_ws/src/environment_detection/src/agv_node.cpp:44:22:[m[K [01;31m[Kerror: [m[Kinvalid use of â€˜[01m[Kthis[m[Kâ€™ in non-member function
[1.969s]    44 |         RCLCPP_ERROR([01;31m[Kthis[m[K->get_logger(), "Could not convert from '%s' to 'rgb8'.", msg->encoding.c_str());
[1.969s]       |                      [01;31m[K^~~~[m[K
[1.969s] [01m[K/home/ender/Desktop/dev_ws/src/environment_detection/src/agv_node.cpp:[m[K At global scope:
[1.969s] [01m[K/home/ender/Desktop/dev_ws/src/environment_detection/src/agv_node.cpp:48:6:[m[K [01;31m[Kerror: [m[Kâ€˜[01m[KVehicleNode[m[Kâ€™ has not been declared
[1.969s]    48 | void [01;31m[KVehicleNode[m[K::odometry_callback(const nav_msgs::msg::Odometry::SharedPtr msg)
[1.969s]       |      [01;31m[K^~~~~~~~~~~[m[K
[1.969s] In file included from [01m[K/opt/ros/humble/include/rclcpp/rclcpp/client.hpp:40[m[K,
[1.969s]                  from [01m[K/opt/ros/humble/include/rclcpp/rclcpp/callback_group.hpp:24[m[K,
[1.969s]                  from [01m[K/opt/ros/humble/include/rclcpp/rclcpp/any_executable.hpp:20[m[K,
[1.969s]                  from [01m[K/opt/ros/humble/include/rclcpp/rclcpp/memory_strategy.hpp:25[m[K,
[1.969s]                  from [01m[K/opt/ros/humble/include/rclcpp/rclcpp/memory_strategies.hpp:18[m[K,
[1.969s]                  from [01m[K/opt/ros/humble/include/rclcpp/rclcpp/executor_options.hpp:20[m[K,
[1.969s]                  from [01m[K/opt/ros/humble/include/rclcpp/rclcpp/executor.hpp:37[m[K,
[1.969s]                  from [01m[K/opt/ros/humble/include/rclcpp/rclcpp/executors/multi_threaded_executor.hpp:25[m[K,
[1.969s]                  from [01m[K/opt/ros/humble/include/rclcpp/rclcpp/executors.hpp:21[m[K,
[1.969s]                  from [01m[K/opt/ros/humble/include/rclcpp/rclcpp/rclcpp.hpp:155[m[K,
[1.969s]                  from [01m[K/home/ender/Desktop/dev_ws/src/environment_detection/include/agv_node.hpp:3[m[K,
[1.969s]                  from [01m[K/home/ender/Desktop/dev_ws/src/environment_detection/src/agv_node.cpp:1[m[K:
[1.969s] [01m[K/home/ender/Desktop/dev_ws/src/environment_detection/src/agv_node.cpp:[m[K In function â€˜[01m[Kvoid odometry_callback(nav_msgs::msg::Odometry_<std::allocator<void> >::SharedPtr)[m[Kâ€™:
[1.969s] [01m[K/home/ender/Desktop/dev_ws/src/environment_detection/src/agv_node.cpp:50:17:[m[K [01;31m[Kerror: [m[Kinvalid use of â€˜[01m[Kthis[m[Kâ€™ in non-member function
[1.969s]    50 |     RCLCPP_INFO([01;31m[Kthis[m[K->get_logger(), "Received odometry data: Position (x: %f, y: %f, z: %f)",
[1.969s]       |                 [01;31m[K^~~~[m[K
[1.969s] [01m[K/home/ender/Desktop/dev_ws/src/environment_detection/src/agv_node.cpp:50:17:[m[K [01;31m[Kerror: [m[Kinvalid use of â€˜[01m[Kthis[m[Kâ€™ in non-member function
[1.969s] [01m[K/home/ender/Desktop/dev_ws/src/environment_detection/src/agv_node.cpp:50:5:[m[K [01;31m[Kerror: [m[Ktemplate argument 1 is invalid
[1.969s]    50 |     [01;31m[KRCLCPP_INFO[m[K(this->get_logger(), "Received odometry data: Position (x: %f, y: %f, z: %f)",
[1.969s]       |     [01;31m[K^~~~~~~~~~~[m[K
[1.969s] [01m[K/home/ender/Desktop/dev_ws/src/environment_detection/src/agv_node.cpp:50:5:[m[K [01;31m[Kerror: [m[Ktemplate argument 1 is invalid
[1.969s]    50 |     [01;31m[KRCLCPP_INFO[m[K(this->get_logger(), "Received odometry data: Position (x: %f, y: %f, z: %f)",
[1.969s]       |     [01;31m[K^~~~~~~~~~~[m[K
[1.969s] [01m[K/home/ender/Desktop/dev_ws/src/environment_detection/src/agv_node.cpp:50:5:[m[K [01;31m[Kerror: [m[Ktemplate argument 1 is invalid
[1.969s]    50 |     [01;31m[KRCLCPP_INFO[m[K(this->get_logger(), "Received odometry data: Position (x: %f, y: %f, z: %f)",
[1.969s]       |     [01;31m[K^~~~~~~~~~~[m[K
[1.969s] In file included from [01m[K/opt/ros/humble/include/rclcpp/rclcpp/logging.hpp:24[m[K,
[1.969s]                  from [01m[K/opt/ros/humble/include/rclcpp/rclcpp/client.hpp:40[m[K,
[1.969s]                  from [01m[K/opt/ros/humble/include/rclcpp/rclcpp/callback_group.hpp:24[m[K,
[1.969s]                  from [01m[K/opt/ros/humble/include/rclcpp/rclcpp/any_executable.hpp:20[m[K,
[1.969s]                  from [01m[K/opt/ros/humble/include/rclcpp/rclcpp/memory_strategy.hpp:25[m[K,
[1.969s]                  from [01m[K/opt/ros/humble/include/rclcpp/rclcpp/memory_strategies.hpp:18[m[K,
[1.969s]                  from [01m[K/opt/ros/humble/include/rclcpp/rclcpp/executor_options.hpp:20[m[K,
[1.969s]                  from [01m[K/opt/ros/humble/include/rclcpp/rclcpp/executor.hpp:37[m[K,
[1.969s]                  from [01m[K/opt/ros/humble/include/rclcpp/rclcpp/executors/multi_threaded_executor.hpp:25[m[K,
[1.969s]                  from [01m[K/opt/ros/humble/include/rclcpp/rclcpp/executors.hpp:21[m[K,
[1.969s]                  from [01m[K/opt/ros/humble/include/rclcpp/rclcpp/rclcpp.hpp:155[m[K,
[1.969s]                  from [01m[K/home/ender/Desktop/dev_ws/src/environment_detection/include/agv_node.hpp:3[m[K,
[1.970s]                  from [01m[K/home/ender/Desktop/dev_ws/src/environment_detection/src/agv_node.cpp:1[m[K:
[1.970s] [01m[K/home/ender/Desktop/dev_ws/src/environment_detection/src/agv_node.cpp:50:17:[m[K [01;31m[Kerror: [m[Kinvalid use of â€˜[01m[Kthis[m[Kâ€™ in non-member function
[1.970s]    50 |     RCLCPP_INFO([01;31m[Kthis[m[K->get_logger(), "Received odometry data: Position (x: %f, y: %f, z: %f)",
[1.970s]       |                 [01;31m[K^~~~[m[K
[1.970s] [01m[K/home/ender/Desktop/dev_ws/src/environment_detection/src/agv_node.cpp:50:17:[m[K [01;31m[Kerror: [m[Kinvalid use of â€˜[01m[Kthis[m[Kâ€™ in non-member function
[1.970s]    50 |     RCLCPP_INFO([01;31m[Kthis[m[K->get_logger(), "Received odometry data: Position (x: %f, y: %f, z: %f)",
[1.970s]       |                 [01;31m[K^~~~[m[K
[3.758s] gmake[2]: *** [CMakeFiles/environment_detection_node.dir/build.make:90: CMakeFiles/environment_detection_node.dir/src/agv_node.cpp.o] Error 1
[3.758s] gmake[1]: *** [CMakeFiles/Makefile2:137: CMakeFiles/environment_detection_node.dir/all] Error 2
[3.758s] gmake: *** [Makefile:146: all] Error 2
[3.760s] Invoked command in '/home/ender/Desktop/dev_ws/build/environment_detection' returned '2': CMAKE_PREFIX_PATH=${CMAKE_PREFIX_PATH}:/home/ender/Desktop/dev_ws/install/nav_controller:/opt/ros/humble /usr/bin/cmake --build /home/ender/Desktop/dev_ws/build/environment_detection -- -j16 -l16
