[35m[1mConsolidate compiler generated dependencies of target environment_detection_node[0m
[ 33%] [32mBuilding CXX object CMakeFiles/environment_detection_node.dir/src/main.cpp.o[0m
[ 66%] [32mBuilding CXX object CMakeFiles/environment_detection_node.dir/src/agv_node.cpp.o[0m
[01m[K/home/ender/Desktop/dev_ws/src/environment_detection/src/main.cpp:[m[K In member function â€˜[01m[Kvoid Main::setup()[m[Kâ€™:
[01m[K/home/ender/Desktop/dev_ws/src/environment_detection/src/main.cpp:7:34:[m[K [01;31m[Kerror: [m[Kâ€˜[01m[KAgvNode[m[Kâ€™ was not declared in this scope; did you mean â€˜[01m[KAGV::AgvNode[m[Kâ€™?
    7 | e_shared<[01;31m[KAgvNode[m[K>();
      |          [01;31m[K^~~~~~~[m[K
      |          [32m[KAGV::AgvNode[m[K
In file included from [01m[K/home/ender/Desktop/dev_ws/src/environment_detection/include/main.hpp:3[m[K,
                 from [01m[K/home/ender/Desktop/dev_ws/src/environment_detection/src/main.cpp:1[m[K:
[01m[K/home/ender/Desktop/dev_ws/src/environment_detection/include/agv_node.hpp:18:7:[m[K [01;36m[Knote: [m[Kâ€˜[01m[KAGV::AgvNode[m[Kâ€™ declared here
   18 | class [01;36m[KAgvNode[m[K : public rclcpp::Node
      |       [01;36m[K^~~~~~~[m[K
[01m[K/home/ender/Desktop/dev_ws/src/environment_detection/src/main.cpp:7:42:[m[K [01;31m[Kerror: [m[Kno matching function for call to â€˜[01m[Kmake_shared<<expression error> >()[m[Kâ€™
    7 | [01;31m[Ke_shared<AgvNode>()[m[K;
      | [01;31m[K~~~~~~~~~~~~~~~~~^~[m[K

In file included from [01m[K/usr/include/c++/11/memory:77[m[K,
                 from [01m[K/opt/ros/humble/include/rclcpp/rclcpp/rclcpp.hpp:153[m[K,
                 from [01m[K/home/ender/Desktop/dev_ws/src/environment_detection/include/agv_node.hpp:3[m[K,
                 from [01m[K/home/ender/Desktop/dev_ws/src/environment_detection/include/main.hpp:3[m[K,
                 from [01m[K/home/ender/Desktop/dev_ws/src/environment_detection/src/main.cpp:1[m[K:
[01m[K/usr/include/c++/11/bits/shared_ptr.h:875:5:[m[K [01;36m[Knote: [m[Kcandidate: â€˜[01m[Ktemplate<class _Tp, class ... _Args> std::shared_ptr<_Tp> std::make_shared(_Args&& ...)[m[Kâ€™
  875 |     [01;36m[Kmake_shared[m[K(_Args&&... __args)
      |     [01;36m[K^~~~~~~~~~~[m[K
[01m[K/usr/include/c++/11/bits/shared_ptr.h:875:5:[m[K [01;36m[Knote: [m[K  template argument deduction/substitution failed:
[01m[K/home/ender/Desktop/dev_ws/src/environment_detection/src/main.cpp:7:42:[m[K [01;31m[Kerror: [m[Ktemplate argument 1 is invalid
    7 | [01;31m[Ke_shared<AgvNode>()[m[K;
      | [01;31m[K~~~~~~~~~~~~~~~~~^~[m[K

gmake[2]: *** [CMakeFiles/environment_detection_node.dir/build.make:76: CMakeFiles/environment_detection_node.dir/src/main.cpp.o] Error 1
gmake[2]: *** Waiting for unfinished jobs....
gmake[1]: *** [CMakeFiles/Makefile2:137: CMakeFiles/environment_detection_node.dir/all] Error 2
gmake: *** [Makefile:146: all] Error 2
