[0.007s] Invoking command in '/home/ender/Desktop/dev_ws/build/environment_detection': CMAKE_PREFIX_PATH=${CMAKE_PREFIX_PATH}:/home/ender/Desktop/dev_ws/install/nav_controller:/opt/ros/humble /usr/bin/cmake --build /home/ender/Desktop/dev_ws/build/environment_detection -- -j16 -l16
[0.034s] [35m[1mConsolidate compiler generated dependencies of target environment_detection_node[0m
[0.049s] [ 33%] [32mBuilding CXX object CMakeFiles/environment_detection_node.dir/src/main.cpp.o[0m
[0.050s] [ 66%] [32mBuilding CXX object CMakeFiles/environment_detection_node.dir/src/agv_node.cpp.o[0m
[1.805s] [01m[K/home/ender/Desktop/dev_ws/src/environment_detection/src/main.cpp:[m[K In member function â€˜[01m[Kvoid Main::setup()[m[Kâ€™:
[1.805s] [01m[K/home/ender/Desktop/dev_ws/src/environment_detection/src/main.cpp:7:34:[m[K [01;31m[Kerror: [m[Kâ€˜[01m[KAgvNode[m[Kâ€™ was not declared in this scope; did you mean â€˜[01m[KAGV::AgvNode[m[Kâ€™?
[1.805s]     7 | e_shared<[01;31m[KAgvNode[m[K>();
[1.805s]       |          [01;31m[K^~~~~~~[m[K
[1.805s]       |          [32m[KAGV::AgvNode[m[K
[1.805s] In file included from [01m[K/home/ender/Desktop/dev_ws/src/environment_detection/include/main.hpp:3[m[K,
[1.806s]                  from [01m[K/home/ender/Desktop/dev_ws/src/environment_detection/src/main.cpp:1[m[K:
[1.806s] [01m[K/home/ender/Desktop/dev_ws/src/environment_detection/include/agv_node.hpp:18:7:[m[K [01;36m[Knote: [m[Kâ€˜[01m[KAGV::AgvNode[m[Kâ€™ declared here
[1.806s]    18 | class [01;36m[KAgvNode[m[K : public rclcpp::Node
[1.806s]       |       [01;36m[K^~~~~~~[m[K
[1.806s] [01m[K/home/ender/Desktop/dev_ws/src/environment_detection/src/main.cpp:7:42:[m[K [01;31m[Kerror: [m[Kno matching function for call to â€˜[01m[Kmake_shared<<expression error> >()[m[Kâ€™
[1.806s]     7 | [01;31m[Ke_shared<AgvNode>()[m[K;
[1.806s]       | [01;31m[K~~~~~~~~~~~~~~~~~^~[m[K
[1.806s] 
[1.806s] In file included from [01m[K/usr/include/c++/11/memory:77[m[K,
[1.806s]                  from [01m[K/opt/ros/humble/include/rclcpp/rclcpp/rclcpp.hpp:153[m[K,
[1.806s]                  from [01m[K/home/ender/Desktop/dev_ws/src/environment_detection/include/agv_node.hpp:3[m[K,
[1.806s]                  from [01m[K/home/ender/Desktop/dev_ws/src/environment_detection/include/main.hpp:3[m[K,
[1.806s]                  from [01m[K/home/ender/Desktop/dev_ws/src/environment_detection/src/main.cpp:1[m[K:
[1.806s] [01m[K/usr/include/c++/11/bits/shared_ptr.h:875:5:[m[K [01;36m[Knote: [m[Kcandidate: â€˜[01m[Ktemplate<class _Tp, class ... _Args> std::shared_ptr<_Tp> std::make_shared(_Args&& ...)[m[Kâ€™
[1.806s]   875 |     [01;36m[Kmake_shared[m[K(_Args&&... __args)
[1.806s]       |     [01;36m[K^~~~~~~~~~~[m[K
[1.807s] [01m[K/usr/include/c++/11/bits/shared_ptr.h:875:5:[m[K [01;36m[Knote: [m[K  template argument deduction/substitution failed:
[1.807s] [01m[K/home/ender/Desktop/dev_ws/src/environment_detection/src/main.cpp:7:42:[m[K [01;31m[Kerror: [m[Ktemplate argument 1 is invalid
[1.807s]     7 | [01;31m[Ke_shared<AgvNode>()[m[K;
[1.807s]       | [01;31m[K~~~~~~~~~~~~~~~~~^~[m[K
[1.807s] 
[2.482s] gmake[2]: *** [CMakeFiles/environment_detection_node.dir/build.make:76: CMakeFiles/environment_detection_node.dir/src/main.cpp.o] Error 1
[2.482s] gmake[2]: *** Waiting for unfinished jobs....
[6.468s] gmake[1]: *** [CMakeFiles/Makefile2:137: CMakeFiles/environment_detection_node.dir/all] Error 2
[6.468s] gmake: *** [Makefile:146: all] Error 2
[6.469s] Invoked command in '/home/ender/Desktop/dev_ws/build/environment_detection' returned '2': CMAKE_PREFIX_PATH=${CMAKE_PREFIX_PATH}:/home/ender/Desktop/dev_ws/install/nav_controller:/opt/ros/humble /usr/bin/cmake --build /home/ender/Desktop/dev_ws/build/environment_detection -- -j16 -l16
