[01m[K/home/ender/Desktop/dev_ws/src/environment_detection/src/agv_node.cpp:[m[K In member function â€˜[01m[Kvoid AGV::AgvNode::image_callback(sensor_msgs::msg::Image_<std::allocator<void> >::SharedPtr)[m[Kâ€™:
[01m[K/home/ender/Desktop/dev_ws/src/environment_detection/src/agv_node.cpp:32:15:[m[K [01;31m[Kerror: [m[Kâ€˜[01m[Kclass AGV::AgvNode[m[Kâ€™ has no member named â€˜[01m[Kcv_ptr[m[Kâ€™
   32 |    this->[01;31m[Kcv_ptr[m[K = cv_bridge::toCvCopy(msg, "rgb8");
      |          [01;31m[K^~~~~~[m[K

[01m[K/home/ender/Desktop/dev_ws/src/environment_detection/src/agv_node.cpp:33:36:[m[K [01;31m[Kerror: [m[Kâ€˜[01m[Kcv_ptr[m[Kâ€™ was not declared in this scope; did you mean â€˜[01m[Ksi_ptr[m[Kâ€™?
   33 |  Image", [01;31m[Kcv_ptr[m[K->image);
      |          [01;31m[K^~~~~~[m[K
      |          [32m[Ksi_ptr[m[K
gmake[2]: *** [CMakeFiles/environment_detection_node.dir/build.make:90: CMakeFiles/environment_detection_node.dir/src/agv_node.cpp.o] Error 1
gmake[1]: *** [CMakeFiles/Makefile2:137: CMakeFiles/environment_detection_node.dir/all] Error 2
gmake: *** [Makefile:146: all] Error 2
