[0.008s] Invoking command in '/home/ender/Desktop/dev_ws/build/environment_detection': CMAKE_PREFIX_PATH=${CMAKE_PREFIX_PATH}:/home/ender/Desktop/dev_ws/install/nav_controller:/opt/ros/humble /usr/bin/cmake --build /home/ender/Desktop/dev_ws/build/environment_detection -- -j16 -l16
[0.041s] [35m[1mConsolidate compiler generated dependencies of target environment_detection_node[0m
[0.055s] [ 33%] [32mBuilding CXX object CMakeFiles/environment_detection_node.dir/src/camera_node.cpp.o[0m
[0.055s] [ 66%] [32mBuilding CXX object CMakeFiles/environment_detection_node.dir/src/main.cpp.o[0m
[1.791s] In file included from [01m[K/home/ender/Desktop/dev_ws/src/environment_detection/src/camera_node.cpp:1[m[K:
[1.791s] [01m[K/home/ender/Desktop/dev_ws/src/environment_detection/include/camera_node.hpp:16:79:[m[K [01;31m[Kerror: [m[Kâ€˜[01m[Kconstexpr[m[Kâ€™ static data member â€˜[01m[Ksubscription_[m[Kâ€™ must have an initializer
[1.791s]    16 |     static constexpr rclcpp::Subscription<sensor_msgs::msg::Image>::SharedPtr [01;31m[Ksubscription_[m[K;
[1.791s]       |                                                                               [01;31m[K^~~~~~~~~~~~~[m[K
[1.799s] [01m[K/home/ender/Desktop/dev_ws/src/environment_detection/src/camera_node.cpp:[m[K In constructor â€˜[01m[KCameraNode::CameraNode()[m[Kâ€™:
[1.799s] [01m[K/home/ender/Desktop/dev_ws/src/environment_detection/src/camera_node.cpp:9:96:[m[K [01;31m[Kerror: [m[Kno match for â€˜[01m[Koperator=[m[Kâ€™ (operand types are â€˜[01m[Kconst SharedPtr[m[Kâ€™ {aka â€˜[01m[Kconst std::shared_ptr<rclcpp::Subscription<sensor_msgs::msg::Image_<std::allocator<void> > > >[m[Kâ€™} and â€˜[01m[Kstd::shared_ptr<rclcpp::Subscription<sensor_msgs::msg::Image_<std::allocator<void> > > >[m[Kâ€™)
[1.799s]     9 |         "camera/image", 10, std::bind(&CameraNode::image_callback, this, std::placeholders::_1)[01;31m[K)[m[K;
[1.799s]       |                                                                                                [01;31m[K^[m[K
[1.799s] In file included from [01m[K/usr/include/c++/11/memory:77[m[K,
[1.799s]                  from [01m[K/opt/ros/humble/include/rclcpp/rclcpp/rclcpp.hpp:153[m[K,
[1.799s]                  from [01m[K/home/ender/Desktop/dev_ws/src/environment_detection/include/camera_node.hpp:3[m[K,
[1.799s]                  from [01m[K/home/ender/Desktop/dev_ws/src/environment_detection/src/camera_node.cpp:1[m[K:
[1.799s] [01m[K/usr/include/c++/11/bits/shared_ptr.h:363:9:[m[K [01;36m[Knote: [m[Kcandidate: â€˜[01m[Kstd::shared_ptr<_Tp>::_Assignable<const std::shared_ptr<_Yp>&> std::shared_ptr<_Tp>::operator=(const std::shared_ptr<_Yp>&) [with _Yp = rclcpp::Subscription<sensor_msgs::msg::Image_<std::allocator<void> > >; _Tp = rclcpp::Subscription<sensor_msgs::msg::Image_<std::allocator<void> > >; std::shared_ptr<_Tp>::_Assignable<const std::shared_ptr<_Yp>&> = std::shared_ptr<rclcpp::Subscription<sensor_msgs::msg::Image_<std::allocator<void> > > >&][m[Kâ€™ (near match)
[1.799s]   363 |         [01;36m[Koperator[m[K=(const shared_ptr<_Yp>& __r) noexcept
[1.799s]       |         [01;36m[K^~~~~~~~[m[K
[1.799s] [01m[K/usr/include/c++/11/bits/shared_ptr.h:363:9:[m[K [01;36m[Knote: [m[K  passing â€˜[01m[Kconst SharedPtr*[m[Kâ€™ {aka â€˜[01m[Kconst std::shared_ptr<rclcpp::Subscription<sensor_msgs::msg::Image_<std::allocator<void> > > >*[m[Kâ€™} as â€˜[01m[Kthis[m[Kâ€™ argument discards qualifiers
[1.799s] [01m[K/usr/include/c++/11/bits/shared_ptr.h:374:9:[m[K [01;36m[Knote: [m[Kcandidate: â€˜[01m[Ktemplate<class _Yp> std::shared_ptr<_Tp>::_Assignable<std::auto_ptr<_Up> > std::shared_ptr<_Tp>::operator=(std::auto_ptr<_Up>&&) [with _Yp = _Yp; _Tp = rclcpp::Subscription<sensor_msgs::msg::Image_<std::allocator<void> > >][m[Kâ€™
[1.799s]   374 |         [01;36m[Koperator[m[K=(auto_ptr<_Yp>&& __r)
[1.799s]       |         [01;36m[K^~~~~~~~[m[K
[1.799s] [01m[K/usr/include/c++/11/bits/shared_ptr.h:374:9:[m[K [01;36m[Knote: [m[K  template argument deduction/substitution failed:
[1.799s] [01m[K/home/ender/Desktop/dev_ws/src/environment_detection/src/camera_node.cpp:9:96:[m[K [01;36m[Knote: [m[K  â€˜[01m[Kstd::shared_ptr<rclcpp::Subscription<sensor_msgs::msg::Image_<std::allocator<void> > > >[m[Kâ€™ is not derived from â€˜[01m[Kstd::auto_ptr<_Up>[m[Kâ€™
[1.799s]     9 |         "camera/image", 10, std::bind(&CameraNode::image_callback, this, std::placeholders::_1)[01;36m[K)[m[K;
[1.799s]       |                                                                                                [01;36m[K^[m[K
[1.799s] In file included from [01m[K/usr/include/c++/11/memory:77[m[K,
[1.799s]                  from [01m[K/opt/ros/humble/include/rclcpp/rclcpp/rclcpp.hpp:153[m[K,
[1.799s]                  from [01m[K/home/ender/Desktop/dev_ws/src/environment_detection/include/camera_node.hpp:3[m[K,
[1.799s]                  from [01m[K/home/ender/Desktop/dev_ws/src/environment_detection/src/camera_node.cpp:1[m[K:
[1.799s] [01m[K/usr/include/c++/11/bits/shared_ptr.h:391:9:[m[K [01;36m[Knote: [m[Kcandidate: â€˜[01m[Kstd::shared_ptr<_Tp>::_Assignable<std::shared_ptr<_Yp> > std::shared_ptr<_Tp>::operator=(std::shared_ptr<_Yp>&&) [with _Yp = rclcpp::Subscription<sensor_msgs::msg::Image_<std::allocator<void> > >; _Tp = rclcpp::Subscription<sensor_msgs::msg::Image_<std::allocator<void> > >; std::shared_ptr<_Tp>::_Assignable<std::shared_ptr<_Yp> > = std::shared_ptr<rclcpp::Subscription<sensor_msgs::msg::Image_<std::allocator<void> > > >&][m[Kâ€™ (near match)
[1.799s]   391 |         [01;36m[Koperator[m[K=(shared_ptr<_Yp>&& __r) noexcept
[1.799s]       |         [01;36m[K^~~~~~~~[m[K
[1.799s] [01m[K/usr/include/c++/11/bits/shared_ptr.h:391:9:[m[K [01;36m[Knote: [m[K  passing â€˜[01m[Kconst SharedPtr*[m[Kâ€™ {aka â€˜[01m[Kconst std::shared_ptr<rclcpp::Subscription<sensor_msgs::msg::Image_<std::allocator<void> > > >*[m[Kâ€™} as â€˜[01m[Kthis[m[Kâ€™ argument discards qualifiers
[1.799s] [01m[K/usr/include/c++/11/bits/shared_ptr.h:399:9:[m[K [01;36m[Knote: [m[Kcandidate: â€˜[01m[Ktemplate<class _Yp, class _Del> std::shared_ptr<_Tp>::_Assignable<std::unique_ptr<_Up, _Ep> > std::shared_ptr<_Tp>::operator=(std::unique_ptr<_Up, _Ep>&&) [with _Yp = _Yp; _Del = _Del; _Tp = rclcpp::Subscription<sensor_msgs::msg::Image_<std::allocator<void> > >][m[Kâ€™
[1.799s]   399 |         [01;36m[Koperator[m[K=(unique_ptr<_Yp, _Del>&& __r)
[1.799s]       |         [01;36m[K^~~~~~~~[m[K
[1.799s] [01m[K/usr/include/c++/11/bits/shared_ptr.h:399:9:[m[K [01;36m[Knote: [m[K  template argument deduction/substitution failed:
[1.799s] [01m[K/home/ender/Desktop/dev_ws/src/environment_detection/src/camera_node.cpp:9:96:[m[K [01;36m[Knote: [m[K  â€˜[01m[Kstd::shared_ptr<rclcpp::Subscription<sensor_msgs::msg::Image_<std::allocator<void> > > >[m[Kâ€™ is not derived from â€˜[01m[Kstd::unique_ptr<_Tp, _Dp>[m[Kâ€™
[1.799s]     9 |         "camera/image", 10, std::bind(&CameraNode::image_callback, this, std::placeholders::_1)[01;36m[K)[m[K;
[1.799s]       |                                                                                                [01;36m[K^[m[K
[1.799s] In file included from [01m[K/usr/include/c++/11/memory:77[m[K,
[1.799s]                  from [01m[K/opt/ros/humble/include/rclcpp/rclcpp/rclcpp.hpp:153[m[K,
[1.799s]                  from [01m[K/home/ender/Desktop/dev_ws/src/environment_detection/include/camera_node.hpp:3[m[K,
[1.800s]                  from [01m[K/home/ender/Desktop/dev_ws/src/environment_detection/src/camera_node.cpp:1[m[K:
[1.800s] [01m[K/usr/include/c++/11/bits/shared_ptr.h:359:19:[m[K [01;36m[Knote: [m[Kcandidate: â€˜[01m[Kstd::shared_ptr<_Tp>& std::shared_ptr<_Tp>::operator=(const std::shared_ptr<_Tp>&) [with _Tp = rclcpp::Subscription<sensor_msgs::msg::Image_<std::allocator<void> > >][m[Kâ€™ (near match)
[1.800s]   359 |       shared_ptr& [01;36m[Koperator[m[K=(const shared_ptr&) noexcept = default;
[1.800s]       |                   [01;36m[K^~~~~~~~[m[K
[1.800s] [01m[K/usr/include/c++/11/bits/shared_ptr.h:359:19:[m[K [01;36m[Knote: [m[K  passing â€˜[01m[Kconst SharedPtr*[m[Kâ€™ {aka â€˜[01m[Kconst std::shared_ptr<rclcpp::Subscription<sensor_msgs::msg::Image_<std::allocator<void> > > >*[m[Kâ€™} as â€˜[01m[Kthis[m[Kâ€™ argument discards qualifiers
[1.800s] [01m[K/usr/include/c++/11/bits/shared_ptr.h:383:7:[m[K [01;36m[Knote: [m[Kcandidate: â€˜[01m[Kstd::shared_ptr<_Tp>& std::shared_ptr<_Tp>::operator=(std::shared_ptr<_Tp>&&) [with _Tp = rclcpp::Subscription<sensor_msgs::msg::Image_<std::allocator<void> > >][m[Kâ€™ (near match)
[1.800s]   383 |       [01;36m[Koperator[m[K=(shared_ptr&& __r) noexcept
[1.800s]       |       [01;36m[K^~~~~~~~[m[K
[1.800s] [01m[K/usr/include/c++/11/bits/shared_ptr.h:383:7:[m[K [01;36m[Knote: [m[K  passing â€˜[01m[Kconst SharedPtr*[m[Kâ€™ {aka â€˜[01m[Kconst std::shared_ptr<rclcpp::Subscription<sensor_msgs::msg::Image_<std::allocator<void> > > >*[m[Kâ€™} as â€˜[01m[Kthis[m[Kâ€™ argument discards qualifiers
[1.887s] In file included from [01m[K/home/ender/Desktop/dev_ws/src/environment_detection/include/main.hpp:3[m[K,
[1.887s]                  from [01m[K/home/ender/Desktop/dev_ws/src/environment_detection/src/main.cpp:1[m[K:
[1.887s] [01m[K/home/ender/Desktop/dev_ws/src/environment_detection/include/camera_node.hpp:16:79:[m[K [01;31m[Kerror: [m[Kâ€˜[01m[Kconstexpr[m[Kâ€™ static data member â€˜[01m[Ksubscription_[m[Kâ€™ must have an initializer
[1.887s]    16 | rclcpp::Subscription<sensor_msgs::msg::Image>::SharedPtr [01;31m[Ksubscription_[m[K;
[1.887s]       |                                                          [01;31m[K^~~~~~~~~~~~~[m[K
[1.887s] 
[2.326s] gmake[2]: *** [CMakeFiles/environment_detection_node.dir/build.make:76: CMakeFiles/environment_detection_node.dir/src/main.cpp.o] Error 1
[2.326s] gmake[2]: *** Waiting for unfinished jobs....
[3.151s] gmake[2]: *** [CMakeFiles/environment_detection_node.dir/build.make:90: CMakeFiles/environment_detection_node.dir/src/camera_node.cpp.o] Error 1
[3.152s] gmake[1]: *** [CMakeFiles/Makefile2:137: CMakeFiles/environment_detection_node.dir/all] Error 2
[3.152s] gmake: *** [Makefile:146: all] Error 2
[3.154s] Invoked command in '/home/ender/Desktop/dev_ws/build/environment_detection' returned '2': CMAKE_PREFIX_PATH=${CMAKE_PREFIX_PATH}:/home/ender/Desktop/dev_ws/install/nav_controller:/opt/ros/humble /usr/bin/cmake --build /home/ender/Desktop/dev_ws/build/environment_detection -- -j16 -l16
