[0.008s] Invoking command in '/home/ender/Desktop/dev_ws/build/environment_detection': CMAKE_PREFIX_PATH=${CMAKE_PREFIX_PATH}:/home/ender/Desktop/dev_ws/install/nav_controller:/opt/ros/humble /usr/bin/cmake --build /home/ender/Desktop/dev_ws/build/environment_detection -- -j16 -l16
[0.042s] [35m[1mConsolidate compiler generated dependencies of target environment_detection_node[0m
[0.056s] [ 33%] [32mBuilding CXX object CMakeFiles/environment_detection_node.dir/src/agv_node.cpp.o[0m
[0.057s] [ 66%] [32mBuilding CXX object CMakeFiles/environment_detection_node.dir/src/main.cpp.o[0m
[1.870s] [01m[K/home/ender/Desktop/dev_ws/src/environment_detection/src/agv_node.cpp:3:1:[m[K [01;31m[Kerror: [m[KISO C++ forbids declaration of â€˜[01m[KAgvNode[m[Kâ€™ with no type [[01;31m[K]8;;https://gcc.gnu.org/onlinedocs/gcc/Warning-Options.html#index-fpermissive-fpermissive]8;;[m[K]
[1.870s]     3 | [01;31m[KAgvNode[m[K(bool subs_activate = false) : Node("agv_node"), subscription_active{subs_active}
[1.870s]       | [01;31m[K^~~~~~~[m[K
[1.870s] [01m[K/home/ender/Desktop/dev_ws/src/environment_detection/src/agv_node.cpp:[m[K In function â€˜[01m[Kint AgvNode(bool)[m[Kâ€™:
[1.870s] [01m[K/home/ender/Desktop/dev_ws/src/environment_detection/src/agv_node.cpp:3:39:[m[K [01;31m[Kerror: [m[Konly constructors take member initializers
[1.870s]     3 | AgvNode(bool subs_activate = false) : [01;31m[KNode[m[K("agv_node"), subscription_active{subs_active}
[1.870s]       |                                       [01;31m[K^~~~[m[K
[1.873s] [01m[K/home/ender/Desktop/dev_ws/src/environment_detection/src/agv_node.cpp:3:77:[m[K [01;31m[Kerror: [m[Kâ€˜[01m[Ksubs_active[m[Kâ€™ was not declared in this scope; did you mean â€˜[01m[Ksubs_activate[m[Kâ€™?
[1.874s]     3 | AgvNode(bool subs_activate = false) : Node("agv_node"), subscription_active{[01;31m[Ksubs_active[m[K}
[1.874s]       |                                                                             [01;31m[K^~~~~~~~~~~[m[K
[1.874s]       |                                                                             [32m[Ksubs_activate[m[K
[1.874s] [01m[K/home/ender/Desktop/dev_ws/src/environment_detection/src/agv_node.cpp:6:1:[m[K [01;35m[Kwarning: [m[Kno return statement in function returning non-void [[01;35m[K]8;;https://gcc.gnu.org/onlinedocs/gcc/Warning-Options.html#index-Wreturn-type-Wreturn-type]8;;[m[K]
[1.874s]     6 | [01;35m[K}[m[K
[1.874s]       | [01;35m[K^[m[K
[2.230s] In file included from [01m[K/usr/include/x86_64-linux-gnu/c++/11/bits/c++allocator.h:33[m[K,
[2.230s]                  from [01m[K/usr/include/c++/11/bits/allocator.h:46[m[K,
[2.230s]                  from [01m[K/usr/include/c++/11/memory:64[m[K,
[2.230s]                  from [01m[K/opt/ros/humble/include/rclcpp/rclcpp/rclcpp.hpp:153[m[K,
[2.230s]                  from [01m[K/home/ender/Desktop/dev_ws/src/environment_detection/include/agv_node.hpp:3[m[K,
[2.230s]                  from [01m[K/home/ender/Desktop/dev_ws/src/environment_detection/include/main.hpp:3[m[K,
[2.230s]                  from [01m[K/home/ender/Desktop/dev_ws/src/environment_detection/src/main.cpp:1[m[K:
[2.230s] /usr/include/c++/11/ext/new_allocator.h: In instantiation of â€˜[01m[Kvoid __gnu_cxx::new_allocator<_Tp>::construct(_Up*, _Args&& ...) [with _Up = AgvNode; _Args = {}; _Tp = AgvNode][m[Kâ€™:
[2.230s] [01m[K/usr/include/c++/11/bits/alloc_traits.h:516:17:[m[K   required from â€˜[01m[Kstatic void std::allocator_traits<std::allocator<_Tp1> >::construct(std::allocator_traits<std::allocator<_Tp1> >::allocator_type&, _Up*, _Args&& ...) [with _Up = AgvNode; _Args = {}; _Tp = AgvNode; std::allocator_traits<std::allocator<_Tp1> >::allocator_type = std::allocator<AgvNode>][m[Kâ€™
[2.231s] [01m[K/usr/include/c++/11/bits/shared_ptr_base.h:519:39:[m[K   required from â€˜[01m[Kstd::_Sp_counted_ptr_inplace<_Tp, _Alloc, _Lp>::_Sp_counted_ptr_inplace(_Alloc, _Args&& ...) [with _Args = {}; _Tp = AgvNode; _Alloc = std::allocator<AgvNode>; __gnu_cxx::_Lock_policy _Lp = __gnu_cxx::_S_atomic][m[Kâ€™
[2.231s] [01m[K/usr/include/c++/11/bits/shared_ptr_base.h:650:16:[m[K   required from â€˜[01m[Kstd::__shared_count<_Lp>::__shared_count(_Tp*&, std::_Sp_alloc_shared_tag<_Alloc>, _Args&& ...) [with _Tp = AgvNode; _Alloc = std::allocator<AgvNode>; _Args = {}; __gnu_cxx::_Lock_policy _Lp = __gnu_cxx::_S_atomic][m[Kâ€™
[2.231s] [01m[K/usr/include/c++/11/bits/shared_ptr_base.h:1342:14:[m[K   required from â€˜[01m[Kstd::__shared_ptr<_Tp, _Lp>::__shared_ptr(std::_Sp_alloc_shared_tag<_Tp>, _Args&& ...) [with _Alloc = std::allocator<AgvNode>; _Args = {}; _Tp = AgvNode; __gnu_cxx::_Lock_policy _Lp = __gnu_cxx::_S_atomic][m[Kâ€™
[2.231s] [01m[K/usr/include/c++/11/bits/shared_ptr.h:409:59:[m[K   required from â€˜[01m[Kstd::shared_ptr<_Tp>::shared_ptr(std::_Sp_alloc_shared_tag<_Tp>, _Args&& ...) [with _Alloc = std::allocator<AgvNode>; _Args = {}; _Tp = AgvNode][m[Kâ€™
[2.231s] [01m[K/usr/include/c++/11/bits/shared_ptr.h:862:14:[m[K   required from â€˜[01m[Kstd::shared_ptr<_Tp> std::allocate_shared(const _Alloc&, _Args&& ...) [with _Tp = AgvNode; _Alloc = std::allocator<AgvNode>; _Args = {}][m[Kâ€™
[2.231s] [01m[K/usr/include/c++/11/bits/shared_ptr.h:878:39:[m[K   required from â€˜[01m[Kstd::shared_ptr<_Tp> std::make_shared(_Args&& ...) [with _Tp = AgvNode; _Args = {}][m[Kâ€™
[2.231s] [01m[K/home/ender/Desktop/dev_ws/src/environment_detection/src/main.cpp:7:42:[m[K   required from here
[2.231s] [01m[K/usr/include/c++/11/ext/new_allocator.h:162:11:[m[K [01;31m[Kerror: [m[Kcall of overloaded â€˜[01m[KAgvNode()[m[Kâ€™ is ambiguous
[2.231s]   162 |        { [01;31m[K::new((void *)__p) _Up(std::forward<_Args>(__args)...)[m[K; }
[2.231s]       |          [01;31m[K^~~~~~~~~~~~~~~~~~~~~~~~~~~~~~~~~~~~~~~~~~~~~~~~~~~~~~[m[K
[2.231s] 
[2.231s] In file included from [01m[K/home/ender/Desktop/dev_ws/src/environment_detection/include/main.hpp:3[m[K,
[2.231s]                  from [01m[K/home/ender/Desktop/dev_ws/src/environment_detection/src/main.cpp:1[m[K:
[2.231s] [01m[K/home/ender/Desktop/dev_ws/src/environment_detection/include/agv_node.hpp:17:5:[m[K [01;36m[Knote: [m[Kcandidate: â€˜[01m[KAgvNode::AgvNode(bool)[m[Kâ€™
[2.231s]    17 |     [01;36m[KAgvNode[m[K(bool subs_activate = false);
[2.231s]       |     [01;36m[K^~~~~~~[m[K
[2.232s] [01m[K/home/ender/Desktop/dev_ws/src/environment_detection/include/agv_node.hpp:16:5:[m[K [01;36m[Knote: [m[Kcandidate: â€˜[01m[KAgvNode::AgvNode()[m[Kâ€™
[2.232s]    16 |     [01;36m[KAgvNode[m[K();
[2.232s]       |     [01;36m[K^~~~~~~[m[K
[2.530s] gmake[2]: *** [CMakeFiles/environment_detection_node.dir/build.make:76: CMakeFiles/environment_detection_node.dir/src/main.cpp.o] Error 1
[2.530s] gmake[2]: *** Waiting for unfinished jobs....
[3.693s] gmake[2]: *** [CMakeFiles/environment_detection_node.dir/build.make:90: CMakeFiles/environment_detection_node.dir/src/agv_node.cpp.o] Error 1
[3.694s] gmake[1]: *** [CMakeFiles/Makefile2:137: CMakeFiles/environment_detection_node.dir/all] Error 2
[3.694s] gmake: *** [Makefile:146: all] Error 2
[3.696s] Invoked command in '/home/ender/Desktop/dev_ws/build/environment_detection' returned '2': CMAKE_PREFIX_PATH=${CMAKE_PREFIX_PATH}:/home/ender/Desktop/dev_ws/install/nav_controller:/opt/ros/humble /usr/bin/cmake --build /home/ender/Desktop/dev_ws/build/environment_detection -- -j16 -l16
