[35m[1mConsolidate compiler generated dependencies of target environment_detection_node[0m
[ 50%] [32mBuilding CXX object CMakeFiles/environment_detection_node.dir/src/main.cpp.o[0m
[01m[K/home/ender/Desktop/dev_ws/src/environment_detection/src/main.cpp:[m[K In member function â€˜[01m[Kvoid AgvNode::process_images()[m[Kâ€™:
[01m[K/home/ender/Desktop/dev_ws/src/environment_detection/src/main.cpp:146:55:[m[K [01;31m[Kerror: [m[Kâ€˜[01m[Kcontour[m[Kâ€™ was not declared in this scope; did you mean â€˜[01m[Kcontours[m[Kâ€™?
  146 |             cv::Rect bounding_rect = cv::boundingRect([01;31m[Kcontour[m[K);
      |                                                       [01;31m[K^~~~~~~[m[K
      |                                                       [32m[Kcontours[m[K
gmake[2]: *** [CMakeFiles/environment_detection_node.dir/build.make:76: CMakeFiles/environment_detection_node.dir/src/main.cpp.o] Error 1
gmake[1]: *** [CMakeFiles/Makefile2:137: CMakeFiles/environment_detection_node.dir/all] Error 2
gmake: *** [Makefile:146: all] Error 2
