[0.142s] Invoking command in '/home/ender/Desktop/dev_ws/build/environment_detection': CMAKE_PREFIX_PATH=${CMAKE_PREFIX_PATH}:/home/ender/Desktop/dev_ws/install/control:/opt/ros/humble /usr/bin/cmake --build /home/ender/Desktop/dev_ws/build/environment_detection -- -j16 -l16
[0.167s] [35m[1mConsolidate compiler generated dependencies of target environment_detection_node[0m
[0.180s] [ 50%] [32mBuilding CXX object CMakeFiles/environment_detection_node.dir/src/main.cpp.o[0m
[1.804s] [01m[K/home/ender/Desktop/dev_ws/src/environment_detection/src/main.cpp:[m[K In member function â€˜[01m[Kvoid AgvNode::process_images()[m[Kâ€™:
[1.804s] [01m[K/home/ender/Desktop/dev_ws/src/environment_detection/src/main.cpp:146:55:[m[K [01;31m[Kerror: [m[Kâ€˜[01m[Kcontour[m[Kâ€™ was not declared in this scope; did you mean â€˜[01m[Kcontours[m[Kâ€™?
[1.804s]   146 |             cv::Rect bounding_rect = cv::boundingRect([01;31m[Kcontour[m[K);
[1.804s]       |                                                       [01;31m[K^~~~~~~[m[K
[1.804s]       |                                                       [32m[Kcontours[m[K
[3.235s] gmake[2]: *** [CMakeFiles/environment_detection_node.dir/build.make:76: CMakeFiles/environment_detection_node.dir/src/main.cpp.o] Error 1
[3.235s] gmake[1]: *** [CMakeFiles/Makefile2:137: CMakeFiles/environment_detection_node.dir/all] Error 2
[3.235s] gmake: *** [Makefile:146: all] Error 2
[3.237s] Invoked command in '/home/ender/Desktop/dev_ws/build/environment_detection' returned '2': CMAKE_PREFIX_PATH=${CMAKE_PREFIX_PATH}:/home/ender/Desktop/dev_ws/install/control:/opt/ros/humble /usr/bin/cmake --build /home/ender/Desktop/dev_ws/build/environment_detection -- -j16 -l16
