[35m[1mConsolidate compiler generated dependencies of target environment_detection_node[0m
[ 33%] [32mBuilding CXX object CMakeFiles/environment_detection_node.dir/src/agv_node.cpp.o[0m
[01m[K/home/ender/Desktop/dev_ws/src/environment_detection/src/agv_node.cpp:6:1:[m[K [01;31m[Kerror: [m[Kâ€˜[01m[Kclcpp[m[Kâ€™ does not name a type
    6 | [01;31m[Kclcpp[m[K::Subscription<nav_msgs::msg::Odometry>::SharedPtr odometry_subscription_{};
      | [01;31m[K^~~~~[m[K
gmake[2]: *** [CMakeFiles/environment_detection_node.dir/build.make:90: CMakeFiles/environment_detection_node.dir/src/agv_node.cpp.o] Error 1
gmake[1]: *** [CMakeFiles/Makefile2:137: CMakeFiles/environment_detection_node.dir/all] Error 2
gmake: *** [Makefile:146: all] Error 2
