[0.007s] Invoking command in '/home/ender/Desktop/dev_ws/build/environment_detection': CMAKE_PREFIX_PATH=${CMAKE_PREFIX_PATH}:/home/ender/Desktop/dev_ws/install/nav_controller:/opt/ros/humble /usr/bin/cmake --build /home/ender/Desktop/dev_ws/build/environment_detection -- -j16 -l16
[0.036s] [35m[1mConsolidate compiler generated dependencies of target environment_detection_node[0m
[0.052s] [ 33%] [32mBuilding CXX object CMakeFiles/environment_detection_node.dir/src/agv_node.cpp.o[0m
[1.764s] [01m[K/home/ender/Desktop/dev_ws/src/environment_detection/src/agv_node.cpp:6:1:[m[K [01;31m[Kerror: [m[Kâ€˜[01m[Kclcpp[m[Kâ€™ does not name a type
[1.765s]     6 | [01;31m[Kclcpp[m[K::Subscription<nav_msgs::msg::Odometry>::SharedPtr odometry_subscription_{};
[1.765s]       | [01;31m[K^~~~~[m[K
[3.583s] gmake[2]: *** [CMakeFiles/environment_detection_node.dir/build.make:90: CMakeFiles/environment_detection_node.dir/src/agv_node.cpp.o] Error 1
[3.583s] gmake[1]: *** [CMakeFiles/Makefile2:137: CMakeFiles/environment_detection_node.dir/all] Error 2
[3.583s] gmake: *** [Makefile:146: all] Error 2
[3.585s] Invoked command in '/home/ender/Desktop/dev_ws/build/environment_detection' returned '2': CMAKE_PREFIX_PATH=${CMAKE_PREFIX_PATH}:/home/ender/Desktop/dev_ws/install/nav_controller:/opt/ros/humble /usr/bin/cmake --build /home/ender/Desktop/dev_ws/build/environment_detection -- -j16 -l16
