[0.009s] Invoking command in '/home/ender/Desktop/dev_ws/build/environment_detection': CMAKE_PREFIX_PATH=${CMAKE_PREFIX_PATH}:/home/ender/Desktop/dev_ws/install/nav_controller:/opt/ros/humble /usr/bin/cmake --build /home/ender/Desktop/dev_ws/build/environment_detection -- -j16 -l16
[0.036s] [35m[1mConsolidate compiler generated dependencies of target environment_detection_node[0m
[0.048s] [ 33%] [32mBuilding CXX object CMakeFiles/environment_detection_node.dir/src/agv_node.cpp.o[0m
[0.050s] [ 66%] [32mBuilding CXX object CMakeFiles/environment_detection_node.dir/src/main.cpp.o[0m
[1.802s] [01m[K/home/ender/Desktop/dev_ws/src/environment_detection/src/agv_node.cpp:32:6:[m[K [01;31m[Kerror: [m[Kâ€˜[01m[KVehicleNode[m[Kâ€™ has not been declared
[1.803s]    32 | void [01;31m[KVehicleNode[m[K::image_callback(const sensor_msgs::msg::Image::SharedPtr msg)
[1.803s]       |      [01;31m[K^~~~~~~~~~~[m[K
[1.803s] In file included from [01m[K/opt/ros/humble/include/rclcpp/rclcpp/client.hpp:40[m[K,
[1.803s]                  from [01m[K/opt/ros/humble/include/rclcpp/rclcpp/callback_group.hpp:24[m[K,
[1.803s]                  from [01m[K/opt/ros/humble/include/rclcpp/rclcpp/any_executable.hpp:20[m[K,
[1.803s]                  from [01m[K/opt/ros/humble/include/rclcpp/rclcpp/memory_strategy.hpp:25[m[K,
[1.803s]                  from [01m[K/opt/ros/humble/include/rclcpp/rclcpp/memory_strategies.hpp:18[m[K,
[1.803s]                  from [01m[K/opt/ros/humble/include/rclcpp/rclcpp/executor_options.hpp:20[m[K,
[1.803s]                  from [01m[K/opt/ros/humble/include/rclcpp/rclcpp/executor.hpp:37[m[K,
[1.803s]                  from [01m[K/opt/ros/humble/include/rclcpp/rclcpp/executors/multi_threaded_executor.hpp:25[m[K,
[1.803s]                  from [01m[K/opt/ros/humble/include/rclcpp/rclcpp/executors.hpp:21[m[K,
[1.803s]                  from [01m[K/opt/ros/humble/include/rclcpp/rclcpp/rclcpp.hpp:155[m[K,
[1.803s]                  from [01m[K/home/ender/Desktop/dev_ws/src/environment_detection/include/agv_node.hpp:3[m[K,
[1.804s]                  from [01m[K/home/ender/Desktop/dev_ws/src/environment_detection/src/agv_node.cpp:1[m[K:
[1.804s] [01m[K/home/ender/Desktop/dev_ws/src/environment_detection/src/agv_node.cpp:[m[K In function â€˜[01m[Kvoid image_callback(sensor_msgs::msg::Image_<std::allocator<void> >::SharedPtr)[m[Kâ€™:
[1.804s] [01m[K/home/ender/Desktop/dev_ws/src/environment_detection/src/agv_node.cpp:34:17:[m[K [01;31m[Kerror: [m[Kinvalid use of â€˜[01m[Kthis[m[Kâ€™ in non-member function
[1.804s]    34 |     RCLCPP_INFO([01;31m[Kthis[m[K->get_logger(), "Received image with encoding: %s", msg->encoding.c_str());
[1.804s]       |                 [01;31m[K^~~~[m[K
[1.804s] [01m[K/home/ender/Desktop/dev_ws/src/environment_detection/src/agv_node.cpp:34:17:[m[K [01;31m[Kerror: [m[Kinvalid use of â€˜[01m[Kthis[m[Kâ€™ in non-member function
[1.804s] [01m[K/home/ender/Desktop/dev_ws/src/environment_detection/src/agv_node.cpp:34:5:[m[K [01;31m[Kerror: [m[Ktemplate argument 1 is invalid
[1.804s]    34 |     [01;31m[KRCLCPP_INFO[m[K(this->get_logger(), "Received image with encoding: %s", msg->encoding.c_str());
[1.804s]       |     [01;31m[K^~~~~~~~~~~[m[K
[1.804s] [01m[K/home/ender/Desktop/dev_ws/src/environment_detection/src/agv_node.cpp:34:5:[m[K [01;31m[Kerror: [m[Ktemplate argument 1 is invalid
[1.804s]    34 |     [01;31m[KRCLCPP_INFO[m[K(this->get_logger(), "Received image with encoding: %s", msg->encoding.c_str());
[1.804s]       |     [01;31m[K^~~~~~~~~~~[m[K
[1.804s] [01m[K/home/ender/Desktop/dev_ws/src/environment_detection/src/agv_node.cpp:34:5:[m[K [01;31m[Kerror: [m[Ktemplate argument 1 is invalid
[1.804s]    34 |     [01;31m[KRCLCPP_INFO[m[K(this->get_logger(), "Received image with encoding: %s", msg->encoding.c_str());
[1.804s]       |     [01;31m[K^~~~~~~~~~~[m[K
[1.804s] In file included from [01m[K/opt/ros/humble/include/rclcpp/rclcpp/logging.hpp:24[m[K,
[1.804s]                  from [01m[K/opt/ros/humble/include/rclcpp/rclcpp/client.hpp:40[m[K,
[1.804s]                  from [01m[K/opt/ros/humble/include/rclcpp/rclcpp/callback_group.hpp:24[m[K,
[1.804s]                  from [01m[K/opt/ros/humble/include/rclcpp/rclcpp/any_executable.hpp:20[m[K,
[1.804s]                  from [01m[K/opt/ros/humble/include/rclcpp/rclcpp/memory_strategy.hpp:25[m[K,
[1.804s]                  from [01m[K/opt/ros/humble/include/rclcpp/rclcpp/memory_strategies.hpp:18[m[K,
[1.804s]                  from [01m[K/opt/ros/humble/include/rclcpp/rclcpp/executor_options.hpp:20[m[K,
[1.804s]                  from [01m[K/opt/ros/humble/include/rclcpp/rclcpp/executor.hpp:37[m[K,
[1.804s]                  from [01m[K/opt/ros/humble/include/rclcpp/rclcpp/executors/multi_threaded_executor.hpp:25[m[K,
[1.804s]                  from [01m[K/opt/ros/humble/include/rclcpp/rclcpp/executors.hpp:21[m[K,
[1.804s]                  from [01m[K/opt/ros/humble/include/rclcpp/rclcpp/rclcpp.hpp:155[m[K,
[1.804s]                  from [01m[K/home/ender/Desktop/dev_ws/src/environment_detection/include/agv_node.hpp:3[m[K,
[1.804s]                  from [01m[K/home/ender/Desktop/dev_ws/src/environment_detection/src/agv_node.cpp:1[m[K:
[1.804s] [01m[K/home/ender/Desktop/dev_ws/src/environment_detection/src/agv_node.cpp:34:17:[m[K [01;31m[Kerror: [m[Kinvalid use of â€˜[01m[Kthis[m[Kâ€™ in non-member function
[1.804s]    34 |     RCLCPP_INFO([01;31m[Kthis[m[K->get_logger(), "Received image with encoding: %s", msg->encoding.c_str());
[1.804s]       |                 [01;31m[K^~~~[m[K
[1.804s] [01m[K/home/ender/Desktop/dev_ws/src/environment_detection/src/agv_node.cpp:34:17:[m[K [01;31m[Kerror: [m[Kinvalid use of â€˜[01m[Kthis[m[Kâ€™ in non-member function
[1.804s]    34 |     RCLCPP_INFO([01;31m[Kthis[m[K->get_logger(), "Received image with encoding: %s", msg->encoding.c_str());
[1.804s]       |                 [01;31m[K^~~~[m[K
[1.807s] In file included from [01m[K/opt/ros/humble/include/rclcpp/rclcpp/client.hpp:40[m[K,
[1.807s]                  from [01m[K/opt/ros/humble/include/rclcpp/rclcpp/callback_group.hpp:24[m[K,
[1.807s]                  from [01m[K/opt/ros/humble/include/rclcpp/rclcpp/any_executable.hpp:20[m[K,
[1.807s]                  from [01m[K/opt/ros/humble/include/rclcpp/rclcpp/memory_strategy.hpp:25[m[K,
[1.807s]                  from [01m[K/opt/ros/humble/include/rclcpp/rclcpp/memory_strategies.hpp:18[m[K,
[1.807s]                  from [01m[K/opt/ros/humble/include/rclcpp/rclcpp/executor_options.hpp:20[m[K,
[1.807s]                  from [01m[K/opt/ros/humble/include/rclcpp/rclcpp/executor.hpp:37[m[K,
[1.807s]                  from [01m[K/opt/ros/humble/include/rclcpp/rclcpp/executors/multi_threaded_executor.hpp:25[m[K,
[1.807s]                  from [01m[K/opt/ros/humble/include/rclcpp/rclcpp/executors.hpp:21[m[K,
[1.807s]                  from [01m[K/opt/ros/humble/include/rclcpp/rclcpp/rclcpp.hpp:155[m[K,
[1.807s]                  from [01m[K/home/ender/Desktop/dev_ws/src/environment_detection/include/agv_node.hpp:3[m[K,
[1.807s]                  from [01m[K/home/ender/Desktop/dev_ws/src/environment_detection/src/agv_node.cpp:1[m[K:
[1.807s] [01m[K/home/ender/Desktop/dev_ws/src/environment_detection/src/agv_node.cpp:44:22:[m[K [01;31m[Kerror: [m[Kinvalid use of â€˜[01m[Kthis[m[Kâ€™ in non-member function
[1.807s]    44 |         RCLCPP_ERROR([01;31m[Kthis[m[K->get_logger(), "Could not convert from '%s' to 'rgb8'.", msg->encoding.c_str());
[1.807s]       |                      [01;31m[K^~~~[m[K
[1.807s] [01m[K/home/ender/Desktop/dev_ws/src/environment_detection/src/agv_node.cpp:44:22:[m[K [01;31m[Kerror: [m[Kinvalid use of â€˜[01m[Kthis[m[Kâ€™ in non-member function
[1.808s] [01m[K/home/ender/Desktop/dev_ws/src/environment_detection/src/agv_node.cpp:44:9:[m[K [01;31m[Kerror: [m[Ktemplate argument 1 is invalid
[1.808s]    44 |         [01;31m[KRCLCPP_ERROR[m[K(this->get_logger(), "Could not convert from '%s' to 'rgb8'.", msg->encoding.c_str());
[1.808s]       |         [01;31m[K^~~~~~~~~~~~[m[K
[1.808s] [01m[K/home/ender/Desktop/dev_ws/src/environment_detection/src/agv_node.cpp:44:9:[m[K [01;31m[Kerror: [m[Ktemplate argument 1 is invalid
[1.808s]    44 |         [01;31m[KRCLCPP_ERROR[m[K(this->get_logger(), "Could not convert from '%s' to 'rgb8'.", msg->encoding.c_str());
[1.808s]       |         [01;31m[K^~~~~~~~~~~~[m[K
[1.808s] [01m[K/home/ender/Desktop/dev_ws/src/environment_detection/src/agv_node.cpp:44:9:[m[K [01;31m[Kerror: [m[Ktemplate argument 1 is invalid
[1.808s]    44 |         [01;31m[KRCLCPP_ERROR[m[K(this->get_logger(), "Could not convert from '%s' to 'rgb8'.", msg->encoding.c_str());
[1.808s]       |         [01;31m[K^~~~~~~~~~~~[m[K
[1.808s] In file included from [01m[K/opt/ros/humble/include/rclcpp/rclcpp/logging.hpp:24[m[K,
[1.808s]                  from [01m[K/opt/ros/humble/include/rclcpp/rclcpp/client.hpp:40[m[K,
[1.808s]                  from [01m[K/opt/ros/humble/include/rclcpp/rclcpp/callback_group.hpp:24[m[K,
[1.808s]                  from [01m[K/opt/ros/humble/include/rclcpp/rclcpp/any_executable.hpp:20[m[K,
[1.808s]                  from [01m[K/opt/ros/humble/include/rclcpp/rclcpp/memory_strategy.hpp:25[m[K,
[1.808s]                  from [01m[K/opt/ros/humble/include/rclcpp/rclcpp/memory_strategies.hpp:18[m[K,
[1.808s]                  from [01m[K/opt/ros/humble/include/rclcpp/rclcpp/executor_options.hpp:20[m[K,
[1.808s]                  from [01m[K/opt/ros/humble/include/rclcpp/rclcpp/executor.hpp:37[m[K,
[1.808s]                  from [01m[K/opt/ros/humble/include/rclcpp/rclcpp/executors/multi_threaded_executor.hpp:25[m[K,
[1.808s]                  from [01m[K/opt/ros/humble/include/rclcpp/rclcpp/executors.hpp:21[m[K,
[1.808s]                  from [01m[K/opt/ros/humble/include/rclcpp/rclcpp/rclcpp.hpp:155[m[K,
[1.808s]                  from [01m[K/home/ender/Desktop/dev_ws/src/environment_detection/include/agv_node.hpp:3[m[K,
[1.808s]                  from [01m[K/home/ender/Desktop/dev_ws/src/environment_detection/src/agv_node.cpp:1[m[K:
[1.808s] [01m[K/home/ender/Desktop/dev_ws/src/environment_detection/src/agv_node.cpp:44:22:[m[K [01;31m[Kerror: [m[Kinvalid use of â€˜[01m[Kthis[m[Kâ€™ in non-member function
[1.808s]    44 |         RCLCPP_ERROR([01;31m[Kthis[m[K->get_logger(), "Could not convert from '%s' to 'rgb8'.", msg->encoding.c_str());
[1.808s]       |                      [01;31m[K^~~~[m[K
[1.808s] [01m[K/home/ender/Desktop/dev_ws/src/environment_detection/src/agv_node.cpp:44:22:[m[K [01;31m[Kerror: [m[Kinvalid use of â€˜[01m[Kthis[m[Kâ€™ in non-member function
[1.808s]    44 |         RCLCPP_ERROR([01;31m[Kthis[m[K->get_logger(), "Could not convert from '%s' to 'rgb8'.", msg->encoding.c_str());
[1.808s]       |                      [01;31m[K^~~~[m[K
[1.808s] [01m[K/home/ender/Desktop/dev_ws/src/environment_detection/src/agv_node.cpp:[m[K At global scope:
[1.808s] [01m[K/home/ender/Desktop/dev_ws/src/environment_detection/src/agv_node.cpp:48:6:[m[K [01;31m[Kerror: [m[Kâ€˜[01m[KVehicleNode[m[Kâ€™ has not been declared
[1.808s]    48 | void [01;31m[KVehicleNode[m[K::odometry_callback(const nav_msgs::msg::Odometry::SharedPtr msg)
[1.808s]       |      [01;31m[K^~~~~~~~~~~[m[K
[1.808s] In file included from [01m[K/opt/ros/humble/include/rclcpp/rclcpp/client.hpp:40[m[K,
[1.808s]                  from [01m[K/opt/ros/humble/include/rclcpp/rclcpp/callback_group.hpp:24[m[K,
[1.808s]                  from [01m[K/opt/ros/humble/include/rclcpp/rclcpp/any_executable.hpp:20[m[K,
[1.808s]                  from [01m[K/opt/ros/humble/include/rclcpp/rclcpp/memory_strategy.hpp:25[m[K,
[1.808s]                  from [01m[K/opt/ros/humble/include/rclcpp/rclcpp/memory_strategies.hpp:18[m[K,
[1.808s]                  from [01m[K/opt/ros/humble/include/rclcpp/rclcpp/executor_options.hpp:20[m[K,
[1.808s]                  from [01m[K/opt/ros/humble/include/rclcpp/rclcpp/executor.hpp:37[m[K,
[1.809s]                  from [01m[K/opt/ros/humble/include/rclcpp/rclcpp/executors/multi_threaded_executor.hpp:25[m[K,
[1.809s]                  from [01m[K/opt/ros/humble/include/rclcpp/rclcpp/executors.hpp:21[m[K,
[1.809s]                  from [01m[K/opt/ros/humble/include/rclcpp/rclcpp/rclcpp.hpp:155[m[K,
[1.809s]                  from [01m[K/home/ender/Desktop/dev_ws/src/environment_detection/include/agv_node.hpp:3[m[K,
[1.809s]                  from [01m[K/home/ender/Desktop/dev_ws/src/environment_detection/src/agv_node.cpp:1[m[K:
[1.809s] [01m[K/home/ender/Desktop/dev_ws/src/environment_detection/src/agv_node.cpp:[m[K In function â€˜[01m[Kvoid odometry_callback(nav_msgs::msg::Odometry_<std::allocator<void> >::SharedPtr)[m[Kâ€™:
[1.809s] [01m[K/home/ender/Desktop/dev_ws/src/environment_detection/src/agv_node.cpp:50:17:[m[K [01;31m[Kerror: [m[Kinvalid use of â€˜[01m[Kthis[m[Kâ€™ in non-member function
[1.809s]    50 |     RCLCPP_INFO([01;31m[Kthis[m[K->get_logger(), "Received odometry data: Position (x: %f, y: %f, z: %f)",
[1.809s]       |                 [01;31m[K^~~~[m[K
[1.809s] [01m[K/home/ender/Desktop/dev_ws/src/environment_detection/src/agv_node.cpp:50:17:[m[K [01;31m[Kerror: [m[Kinvalid use of â€˜[01m[Kthis[m[Kâ€™ in non-member function
[1.809s] [01m[K/home/ender/Desktop/dev_ws/src/environment_detection/src/agv_node.cpp:50:5:[m[K [01;31m[Kerror: [m[Ktemplate argument 1 is invalid
[1.809s]    50 |     [01;31m[KRCLCPP_INFO[m[K(this->get_logger(), "Received odometry data: Position (x: %f, y: %f, z: %f)",
[1.809s]       |     [01;31m[K^~~~~~~~~~~[m[K
[1.809s] [01m[K/home/ender/Desktop/dev_ws/src/environment_detection/src/agv_node.cpp:50:5:[m[K [01;31m[Kerror: [m[Ktemplate argument 1 is invalid
[1.809s]    50 |     [01;31m[KRCLCPP_INFO[m[K(this->get_logger(), "Received odometry data: Position (x: %f, y: %f, z: %f)",
[1.809s]       |     [01;31m[K^~~~~~~~~~~[m[K
[1.809s] [01m[K/home/ender/Desktop/dev_ws/src/environment_detection/src/agv_node.cpp:50:5:[m[K [01;31m[Kerror: [m[Ktemplate argument 1 is invalid
[1.809s]    50 |     [01;31m[KRCLCPP_INFO[m[K(this->get_logger(), "Received odometry data: Position (x: %f, y: %f, z: %f)",
[1.809s]       |     [01;31m[K^~~~~~~~~~~[m[K
[1.809s] In file included from [01m[K/opt/ros/humble/include/rclcpp/rclcpp/logging.hpp:24[m[K,
[1.809s]                  from [01m[K/opt/ros/humble/include/rclcpp/rclcpp/client.hpp:40[m[K,
[1.809s]                  from [01m[K/opt/ros/humble/include/rclcpp/rclcpp/callback_group.hpp:24[m[K,
[1.809s]                  from [01m[K/opt/ros/humble/include/rclcpp/rclcpp/any_executable.hpp:20[m[K,
[1.809s]                  from [01m[K/opt/ros/humble/include/rclcpp/rclcpp/memory_strategy.hpp:25[m[K,
[1.809s]                  from [01m[K/opt/ros/humble/include/rclcpp/rclcpp/memory_strategies.hpp:18[m[K,
[1.809s]                  from [01m[K/opt/ros/humble/include/rclcpp/rclcpp/executor_options.hpp:20[m[K,
[1.809s]                  from [01m[K/opt/ros/humble/include/rclcpp/rclcpp/executor.hpp:37[m[K,
[1.809s]                  from [01m[K/opt/ros/humble/include/rclcpp/rclcpp/executors/multi_threaded_executor.hpp:25[m[K,
[1.809s]                  from [01m[K/opt/ros/humble/include/rclcpp/rclcpp/executors.hpp:21[m[K,
[1.809s]                  from [01m[K/opt/ros/humble/include/rclcpp/rclcpp/rclcpp.hpp:155[m[K,
[1.809s]                  from [01m[K/home/ender/Desktop/dev_ws/src/environment_detection/include/agv_node.hpp:3[m[K,
[1.809s]                  from [01m[K/home/ender/Desktop/dev_ws/src/environment_detection/src/agv_node.cpp:1[m[K:
[1.809s] [01m[K/home/ender/Desktop/dev_ws/src/environment_detection/src/agv_node.cpp:50:17:[m[K [01;31m[Kerror: [m[Kinvalid use of â€˜[01m[Kthis[m[Kâ€™ in non-member function
[1.809s]    50 |     RCLCPP_INFO([01;31m[Kthis[m[K->get_logger(), "Received odometry data: Position (x: %f, y: %f, z: %f)",
[1.809s]       |                 [01;31m[K^~~~[m[K
[1.809s] [01m[K/home/ender/Desktop/dev_ws/src/environment_detection/src/agv_node.cpp:50:17:[m[K [01;31m[Kerror: [m[Kinvalid use of â€˜[01m[Kthis[m[Kâ€™ in non-member function
[1.809s]    50 |     RCLCPP_INFO([01;31m[Kthis[m[K->get_logger(), "Received odometry data: Position (x: %f, y: %f, z: %f)",
[1.809s]       |                 [01;31m[K^~~~[m[K
[3.669s] gmake[2]: *** [CMakeFiles/environment_detection_node.dir/build.make:90: CMakeFiles/environment_detection_node.dir/src/agv_node.cpp.o] Error 1
[3.669s] gmake[1]: *** [CMakeFiles/Makefile2:137: CMakeFiles/environment_detection_node.dir/all] Error 2
[3.669s] gmake: *** [Makefile:146: all] Error 2
[3.671s] Invoked command in '/home/ender/Desktop/dev_ws/build/environment_detection' returned '2': CMAKE_PREFIX_PATH=${CMAKE_PREFIX_PATH}:/home/ender/Desktop/dev_ws/install/nav_controller:/opt/ros/humble /usr/bin/cmake --build /home/ender/Desktop/dev_ws/build/environment_detection -- -j16 -l16
