[0.008s] Invoking command in '/home/ender/Desktop/dev_ws/build/environment_detection': CMAKE_PREFIX_PATH=${CMAKE_PREFIX_PATH}:/home/ender/Desktop/dev_ws/install/nav_controller:/opt/ros/humble /usr/bin/cmake --build /home/ender/Desktop/dev_ws/build/environment_detection -- -j16 -l16
[0.036s] [35m[1mConsolidate compiler generated dependencies of target environment_detection_node[0m
[0.049s] [ 33%] [32mBuilding CXX object CMakeFiles/environment_detection_node.dir/src/main.cpp.o[0m
[0.052s] [ 66%] [32mBuilding CXX object CMakeFiles/environment_detection_node.dir/src/camera_node.cpp.o[0m
[1.811s] [01m[K/home/ender/Desktop/dev_ws/src/environment_detection/src/camera_node.cpp:[m[K In member function â€˜[01m[Kvoid CameraNode::image_callback(sensor_msgs::msg::Image_<std::allocator<void> >::SharedPtr)[m[Kâ€™:
[1.811s] [01m[K/home/ender/Desktop/dev_ws/src/environment_detection/src/camera_node.cpp:17:106:[m[K [01;31m[Kerror: [m[Kâ€˜[01m[KRGB8[m[Kâ€™ is not a member of â€˜[01m[Ksensor_msgs::msg::Image_<std::allocator<void> >::_encoding_type[m[Kâ€™ {aka â€˜[01m[Kstd::__cxx11::basic_string<char>[m[Kâ€™}
[1.811s]    17 |         cv_bridge::CvImagePtr cv_ptr = cv_bridge::toCvCopy(msg, sensor_msgs::msg::Image::_encoding_type::[01;31m[KRGB8[m[K);
[1.811s]       |                                                                                                          [01;31m[K^~~~[m[K
[3.240s] gmake[2]: *** [CMakeFiles/environment_detection_node.dir/build.make:90: CMakeFiles/environment_detection_node.dir/src/camera_node.cpp.o] Error 1
[3.240s] gmake[1]: *** [CMakeFiles/Makefile2:137: CMakeFiles/environment_detection_node.dir/all] Error 2
[3.240s] gmake: *** [Makefile:146: all] Error 2
[3.242s] Invoked command in '/home/ender/Desktop/dev_ws/build/environment_detection' returned '2': CMAKE_PREFIX_PATH=${CMAKE_PREFIX_PATH}:/home/ender/Desktop/dev_ws/install/nav_controller:/opt/ros/humble /usr/bin/cmake --build /home/ender/Desktop/dev_ws/build/environment_detection -- -j16 -l16
