[0.146s] Invoking command in '/home/ender/Desktop/dev_ws/build/environment_detection': CMAKE_PREFIX_PATH=${CMAKE_PREFIX_PATH}:/home/ender/Desktop/dev_ws/install/control:/opt/ros/humble /usr/bin/cmake --build /home/ender/Desktop/dev_ws/build/environment_detection -- -j16 -l16
[0.181s] [35m[1mConsolidate compiler generated dependencies of target environment_detection_node[0m
[0.192s] [ 50%] [32mBuilding CXX object CMakeFiles/environment_detection_node.dir/src/main.cpp.o[0m
[1.785s] [01m[K/home/ender/Desktop/dev_ws/src/environment_detection/src/main.cpp:[m[K In member function â€˜[01m[Kvoid AgvNode::process_images()[m[Kâ€™:
[1.785s] [01m[K/home/ender/Desktop/dev_ws/src/environment_detection/src/main.cpp:167:33:[m[K [01;31m[Kerror: [m[Kâ€˜[01m[Kblack_count2[m[Kâ€™ was not declared in this scope; did you mean â€˜[01m[Kblack_count_2[m[Kâ€™?
[1.785s]   167 |             if (black_count_1 > [01;31m[Kblack_count2[m[K*50)
[1.785s]       |                                 [01;31m[K^~~~~~~~~~~~[m[K
[1.785s]       |                                 [32m[Kblack_count_2[m[K
[3.217s] gmake[2]: *** [CMakeFiles/environment_detection_node.dir/build.make:76: CMakeFiles/environment_detection_node.dir/src/main.cpp.o] Error 1
[3.217s] gmake[1]: *** [CMakeFiles/Makefile2:137: CMakeFiles/environment_detection_node.dir/all] Error 2
[3.217s] gmake: *** [Makefile:146: all] Error 2
[3.219s] Invoked command in '/home/ender/Desktop/dev_ws/build/environment_detection' returned '2': CMAKE_PREFIX_PATH=${CMAKE_PREFIX_PATH}:/home/ender/Desktop/dev_ws/install/control:/opt/ros/humble /usr/bin/cmake --build /home/ender/Desktop/dev_ws/build/environment_detection -- -j16 -l16
