[35m[1mConsolidate compiler generated dependencies of target environment_detection_node[0m
[ 25%] [32mBuilding CXX object CMakeFiles/Camera_library.dir/component/Camera/src/Camera.cpp.o[0m
[ 50%] [32mBuilding CXX object CMakeFiles/environment_detection_node.dir/core/src/main.cpp.o[0m
In file included from [01m[K/home/ender/Desktop/dev_ws/src/environment_detection/component/Camera/src/Camera.cpp:1[m[K:
[01m[K/home/ender/Desktop/dev_ws/src/environment_detection/component/Camera/include/Camera.hpp:4:10:[m[K [01;31m[Kfatal error: [m[Ksensor_msgs/msg/image.hpp: No such file or directory
    4 | #include [01;31m[K<sensor_msgs/msg/image.hpp>[m[K
      |          [01;31m[K^~~~~~~~~~~~~~~~~~~~~~~~~~~[m[K
compilation terminated.
gmake[2]: *** [CMakeFiles/Camera_library.dir/build.make:76: CMakeFiles/Camera_library.dir/component/Camera/src/Camera.cpp.o] Error 1
gmake[1]: *** [CMakeFiles/Makefile2:139: CMakeFiles/Camera_library.dir/all] Error 2
gmake[1]: *** Waiting for unfinished jobs....
[ 75%] [32m[1mLinking CXX executable environment_detection_node[0m
/usr/bin/ld: CMakeFiles/environment_detection_node.dir/core/src/main.cpp.o: in function `void __gnu_cxx::new_allocator<ImageSubscriber>::construct<ImageSubscriber>(ImageSubscriber*)':
main.cpp:(.text._ZN9__gnu_cxx13new_allocatorI15ImageSubscriberE9constructIS1_JEEEvPT_DpOT0_[_ZN9__gnu_cxx13new_allocatorI15ImageSubscriberE9constructIS1_JEEEvPT_DpOT0_]+0x31): undefined reference to `ImageSubscriber::ImageSubscriber()'
collect2: error: ld returned 1 exit status
gmake[2]: *** [CMakeFiles/environment_detection_node.dir/build.make:238: environment_detection_node] Error 1
gmake[1]: *** [CMakeFiles/Makefile2:165: CMakeFiles/environment_detection_node.dir/all] Error 2
gmake: *** [Makefile:146: all] Error 2
