[0.007s] Invoking command in '/home/ender/Desktop/dev_ws/build/environment_detection': CMAKE_PREFIX_PATH=${CMAKE_PREFIX_PATH}:/home/ender/Desktop/dev_ws/install/nav_controller:/opt/ros/humble /usr/bin/cmake --build /home/ender/Desktop/dev_ws/build/environment_detection -- -j16 -l16
[0.036s] [35m[1mConsolidate compiler generated dependencies of target environment_detection_node[0m
[0.041s] [ 25%] [32mBuilding CXX object CMakeFiles/Camera_library.dir/component/Camera/src/Camera.cpp.o[0m
[0.050s] [ 50%] [32mBuilding CXX object CMakeFiles/environment_detection_node.dir/core/src/main.cpp.o[0m
[0.147s] In file included from [01m[K/home/ender/Desktop/dev_ws/src/environment_detection/component/Camera/src/Camera.cpp:1[m[K:
[0.147s] [01m[K/home/ender/Desktop/dev_ws/src/environment_detection/component/Camera/include/Camera.hpp:4:10:[m[K [01;31m[Kfatal error: [m[Ksensor_msgs/msg/image.hpp: No such file or directory
[0.147s]     4 | #include [01;31m[K<sensor_msgs/msg/image.hpp>[m[K
[0.147s]       |          [01;31m[K^~~~~~~~~~~~~~~~~~~~~~~~~~~[m[K
[0.147s] compilation terminated.
[0.149s] gmake[2]: *** [CMakeFiles/Camera_library.dir/build.make:76: CMakeFiles/Camera_library.dir/component/Camera/src/Camera.cpp.o] Error 1
[0.149s] gmake[1]: *** [CMakeFiles/Makefile2:139: CMakeFiles/Camera_library.dir/all] Error 2
[0.149s] gmake[1]: *** Waiting for unfinished jobs....
[2.111s] [ 75%] [32m[1mLinking CXX executable environment_detection_node[0m
[2.184s] /usr/bin/ld: CMakeFiles/environment_detection_node.dir/core/src/main.cpp.o: in function `void __gnu_cxx::new_allocator<ImageSubscriber>::construct<ImageSubscriber>(ImageSubscriber*)':
[2.184s] main.cpp:(.text._ZN9__gnu_cxx13new_allocatorI15ImageSubscriberE9constructIS1_JEEEvPT_DpOT0_[_ZN9__gnu_cxx13new_allocatorI15ImageSubscriberE9constructIS1_JEEEvPT_DpOT0_]+0x31): undefined reference to `ImageSubscriber::ImageSubscriber()'
[2.187s] collect2: error: ld returned 1 exit status
[2.188s] gmake[2]: *** [CMakeFiles/environment_detection_node.dir/build.make:238: environment_detection_node] Error 1
[2.188s] gmake[1]: *** [CMakeFiles/Makefile2:165: CMakeFiles/environment_detection_node.dir/all] Error 2
[2.188s] gmake: *** [Makefile:146: all] Error 2
[2.190s] Invoked command in '/home/ender/Desktop/dev_ws/build/environment_detection' returned '2': CMAKE_PREFIX_PATH=${CMAKE_PREFIX_PATH}:/home/ender/Desktop/dev_ws/install/nav_controller:/opt/ros/humble /usr/bin/cmake --build /home/ender/Desktop/dev_ws/build/environment_detection -- -j16 -l16
