[0.008s] Invoking command in '/home/ender/Desktop/dev_ws/build/environment_detection': CMAKE_PREFIX_PATH=${CMAKE_PREFIX_PATH}:/home/ender/Desktop/dev_ws/install/nav_controller:/opt/ros/humble /usr/bin/cmake --build /home/ender/Desktop/dev_ws/build/environment_detection -- -j16 -l16
[0.038s] [35m[1mConsolidate compiler generated dependencies of target environment_detection_node[0m
[0.054s] [ 33%] [32mBuilding CXX object CMakeFiles/environment_detection_node.dir/src/agv_node.cpp.o[0m
[1.778s] [01m[K/home/ender/Desktop/dev_ws/src/environment_detection/src/agv_node.cpp:[m[K In member function â€˜[01m[Kvoid AGV::AgvNode::image_callback(sensor_msgs::msg::Image_<std::allocator<void> >::SharedPtr)[m[Kâ€™:
[1.778s] [01m[K/home/ender/Desktop/dev_ws/src/environment_detection/src/agv_node.cpp:32:9:[m[K [01;31m[Kerror: [m[Kâ€˜[01m[Kcv_ptr[m[Kâ€™ was not declared in this scope; did you mean â€˜[01m[Ksi_ptr[m[Kâ€™?
[1.778s]    32 |         [01;31m[Kcv_ptr[m[K = cv_bridge::toCvCopy(msg, "rgb8");
[1.778s]       |         [01;31m[K^~~~~~[m[K
[1.778s]       |         [32m[Ksi_ptr[m[K
[3.576s] gmake[2]: *** [CMakeFiles/environment_detection_node.dir/build.make:90: CMakeFiles/environment_detection_node.dir/src/agv_node.cpp.o] Error 1
[3.577s] gmake[1]: *** [CMakeFiles/Makefile2:137: CMakeFiles/environment_detection_node.dir/all] Error 2
[3.577s] gmake: *** [Makefile:146: all] Error 2
[3.578s] Invoked command in '/home/ender/Desktop/dev_ws/build/environment_detection' returned '2': CMAKE_PREFIX_PATH=${CMAKE_PREFIX_PATH}:/home/ender/Desktop/dev_ws/install/nav_controller:/opt/ros/humble /usr/bin/cmake --build /home/ender/Desktop/dev_ws/build/environment_detection -- -j16 -l16
