[0.146s] Invoking command in '/home/ender/Desktop/dev_ws/build/environment_detection': CMAKE_PREFIX_PATH=${CMAKE_PREFIX_PATH}:/home/ender/Desktop/dev_ws/install/control:/opt/ros/humble /usr/bin/cmake --build /home/ender/Desktop/dev_ws/build/environment_detection -- -j16 -l16
[0.184s] [35m[1mConsolidate compiler generated dependencies of target environment_detection_node[0m
[0.200s] [ 50%] [32mBuilding CXX object CMakeFiles/environment_detection_node.dir/src/main.cpp.o[0m
[1.802s] [01m[K/home/ender/Desktop/dev_ws/src/environment_detection/src/main.cpp:[m[K In member function â€˜[01m[Kvoid AgvNode::process_images()[m[Kâ€™:
[1.802s] [01m[K/home/ender/Desktop/dev_ws/src/environment_detection/src/main.cpp:163:41:[m[K [01;31m[Kerror: [m[Kno match for â€˜[01m[Koperator[][m[Kâ€™ (operand types are â€˜[01m[Kcv::Mat[m[Kâ€™ and â€˜[01m[Kint[m[Kâ€™)
[1.802s]   163 |             std::cout << threshold_image[01;31m[K[[m[Kmiddle_x][middle_y] << "\n";
[1.802s]       |                                         [01;31m[K^[m[K
[3.225s] gmake[2]: *** [CMakeFiles/environment_detection_node.dir/build.make:76: CMakeFiles/environment_detection_node.dir/src/main.cpp.o] Error 1
[3.225s] gmake[1]: *** [CMakeFiles/Makefile2:137: CMakeFiles/environment_detection_node.dir/all] Error 2
[3.225s] gmake: *** [Makefile:146: all] Error 2
[3.227s] Invoked command in '/home/ender/Desktop/dev_ws/build/environment_detection' returned '2': CMAKE_PREFIX_PATH=${CMAKE_PREFIX_PATH}:/home/ender/Desktop/dev_ws/install/control:/opt/ros/humble /usr/bin/cmake --build /home/ender/Desktop/dev_ws/build/environment_detection -- -j16 -l16
