[0.013s] Invoking command in '/home/ender/Desktop/dev_ws/build/environment_detection': CMAKE_PREFIX_PATH=${CMAKE_PREFIX_PATH}:/home/ender/Desktop/dev_ws/install/nav_controller:/opt/ros/humble /usr/bin/cmake --build /home/ender/Desktop/dev_ws/build/environment_detection -- -j16 -l16
[0.042s] [35m[1mConsolidate compiler generated dependencies of target environment_detection_node[0m
[0.054s] [ 50%] [32mBuilding CXX object CMakeFiles/environment_detection_node.dir/src/main.cpp.o[0m
[1.680s] [01m[K/home/ender/Desktop/dev_ws/src/environment_detection/src/main.cpp:[m[K In constructor â€˜[01m[KLidarSubscriber::LidarSubscriber()[m[Kâ€™:
[1.680s] [01m[K/home/ender/Desktop/dev_ws/src/environment_detection/src/main.cpp:12:9:[m[K [01;31m[Kerror: [m[Kâ€˜[01m[Ksubscription_[m[Kâ€™ was not declared in this scope; did you mean â€˜[01m[Krmw_subscription_t[m[Kâ€™?
[1.680s]    12 |         [01;31m[Ksubscription_[m[K = this->create_subscription<sensor_msgs::msg::LaserScan>(
[1.680s]       |         [01;31m[K^~~~~~~~~~~~~[m[K
[1.680s]       |         [32m[Krmw_subscription_t[m[K
[1.712s] [01m[K/home/ender/Desktop/dev_ws/src/environment_detection/src/main.cpp:[m[K In constructor â€˜[01m[KOdometrySubscriber::OdometrySubscriber()[m[Kâ€™:
[1.712s] [01m[K/home/ender/Desktop/dev_ws/src/environment_detection/src/main.cpp:46:9:[m[K [01;31m[Kerror: [m[Kâ€˜[01m[Ksubscription_[m[Kâ€™ was not declared in this scope; did you mean â€˜[01m[Krmw_subscription_t[m[Kâ€™?
[1.712s]    46 |         [01;31m[Ksubscription_[m[K = this->create_subscription<nav_msgs::msg::Odometry>(
[1.712s]       |         [01;31m[K^~~~~~~~~~~~~[m[K
[1.712s]       |         [32m[Krmw_subscription_t[m[K
[3.417s] gmake[2]: *** [CMakeFiles/environment_detection_node.dir/build.make:76: CMakeFiles/environment_detection_node.dir/src/main.cpp.o] Error 1
[3.417s] gmake[1]: *** [CMakeFiles/Makefile2:137: CMakeFiles/environment_detection_node.dir/all] Error 2
[3.417s] gmake: *** [Makefile:146: all] Error 2
[3.419s] Invoked command in '/home/ender/Desktop/dev_ws/build/environment_detection' returned '2': CMAKE_PREFIX_PATH=${CMAKE_PREFIX_PATH}:/home/ender/Desktop/dev_ws/install/nav_controller:/opt/ros/humble /usr/bin/cmake --build /home/ender/Desktop/dev_ws/build/environment_detection -- -j16 -l16
