-- Found ament_cmake: 1.3.10 (/opt/ros/humble/share/ament_cmake/cmake)
-- Override CMake install command with custom implementation using symlinks instead of copying resources
-- Found rclcpp: 16.0.10 (/opt/ros/humble/share/rclcpp/cmake)
-- Found rosidl_generator_c: 3.1.5 (/opt/ros/humble/share/rosidl_generator_c/cmake)
-- Found rosidl_adapter: 3.1.5 (/opt/ros/humble/share/rosidl_adapter/cmake)
-- Found rosidl_generator_cpp: 3.1.5 (/opt/ros/humble/share/rosidl_generator_cpp/cmake)
-- Using all available rosidl_typesupport_c: rosidl_typesupport_fastrtps_c;rosidl_typesupport_introspection_c
-- Using all available rosidl_typesupport_cpp: rosidl_typesupport_fastrtps_cpp;rosidl_typesupport_introspection_cpp
-- Found rmw_implementation_cmake: 6.1.2 (/opt/ros/humble/share/rmw_implementation_cmake/cmake)
-- Found rmw_fastrtps_cpp: 6.2.7 (/opt/ros/humble/share/rmw_fastrtps_cpp/cmake)
-- Using RMW implementation 'rmw_fastrtps_cpp' as default
-- Found sensor_msgs: 4.2.4 (/opt/ros/humble/share/sensor_msgs/cmake)
-- Found nav_msgs: 4.2.4 (/opt/ros/humble/share/nav_msgs/cmake)
-- Found cv_bridge: 3.2.1 (/opt/ros/humble/share/cv_bridge/cmake)
-- Configuring done
-- Generating done
-- Build files have been written to: /home/ender/Desktop/dev_ws/build/environment_detection
[35m[1mConsolidate compiler generated dependencies of target Camera_library[0m
[35m[1mConsolidate compiler generated dependencies of target environment_detection_node[0m
[ 25%] [32mBuilding CXX object CMakeFiles/Camera_library.dir/component/Camera/src/Camera.cpp.o[0m
[ 50%] [32mBuilding CXX object CMakeFiles/environment_detection_node.dir/core/src/main.cpp.o[0m
In file included from [01m[K/home/ender/Desktop/dev_ws/src/environment_detection/component/Camera/src/Camera.cpp:1[m[K:
[01m[K/home/ender/Desktop/dev_ws/src/environment_detection/component/Camera/include/Camera.hpp:4:10:[m[K [01;31m[Kfatal error: [m[Ksensor_msgs/msg/image.hpp: No such file or directory
    4 | #include [01;31m[K<sensor_msgs/msg/image.hpp>[m[K
      |          [01;31m[K^~~~~~~~~~~~~~~~~~~~~~~~~~~[m[K
compilation terminated.
gmake[2]: *** [CMakeFiles/Camera_library.dir/build.make:76: CMakeFiles/Camera_library.dir/component/Camera/src/Camera.cpp.o] Error 1
gmake[1]: *** [CMakeFiles/Makefile2:139: CMakeFiles/Camera_library.dir/all] Error 2
gmake[1]: *** Waiting for unfinished jobs....
[ 75%] [32m[1mLinking CXX executable environment_detection_node[0m
/usr/bin/ld: CMakeFiles/environment_detection_node.dir/core/src/main.cpp.o: in function `void __gnu_cxx::new_allocator<ImageSubscriber>::construct<ImageSubscriber>(ImageSubscriber*)':
main.cpp:(.text._ZN9__gnu_cxx13new_allocatorI15ImageSubscriberE9constructIS1_JEEEvPT_DpOT0_[_ZN9__gnu_cxx13new_allocatorI15ImageSubscriberE9constructIS1_JEEEvPT_DpOT0_]+0x31): undefined reference to `ImageSubscriber::ImageSubscriber()'
collect2: error: ld returned 1 exit status
gmake[2]: *** [CMakeFiles/environment_detection_node.dir/build.make:238: environment_detection_node] Error 1
gmake[1]: *** [CMakeFiles/Makefile2:165: CMakeFiles/environment_detection_node.dir/all] Error 2
gmake: *** [Makefile:146: all] Error 2
