[0.006s] Invoking command in '/home/ender/Desktop/dev_ws/build/environment_detection': CMAKE_PREFIX_PATH=${CMAKE_PREFIX_PATH}:/home/ender/Desktop/dev_ws/install/nav_controller:/opt/ros/humble /usr/bin/cmake --build /home/ender/Desktop/dev_ws/build/environment_detection -- -j16 -l16
[0.024s] -- Found ament_cmake: 1.3.10 (/opt/ros/humble/share/ament_cmake/cmake)
[0.102s] -- Override CMake install command with custom implementation using symlinks instead of copying resources
[0.107s] -- Found rclcpp: 16.0.10 (/opt/ros/humble/share/rclcpp/cmake)
[0.123s] -- Found rosidl_generator_c: 3.1.5 (/opt/ros/humble/share/rosidl_generator_c/cmake)
[0.125s] -- Found rosidl_adapter: 3.1.5 (/opt/ros/humble/share/rosidl_adapter/cmake)
[0.128s] -- Found rosidl_generator_cpp: 3.1.5 (/opt/ros/humble/share/rosidl_generator_cpp/cmake)
[0.133s] -- Using all available rosidl_typesupport_c: rosidl_typesupport_fastrtps_c;rosidl_typesupport_introspection_c
[0.140s] -- Using all available rosidl_typesupport_cpp: rosidl_typesupport_fastrtps_cpp;rosidl_typesupport_introspection_cpp
[0.157s] -- Found rmw_implementation_cmake: 6.1.2 (/opt/ros/humble/share/rmw_implementation_cmake/cmake)
[0.158s] -- Found rmw_fastrtps_cpp: 6.2.7 (/opt/ros/humble/share/rmw_fastrtps_cpp/cmake)
[0.227s] -- Using RMW implementation 'rmw_fastrtps_cpp' as default
[0.255s] -- Found sensor_msgs: 4.2.4 (/opt/ros/humble/share/sensor_msgs/cmake)
[0.270s] -- Found nav_msgs: 4.2.4 (/opt/ros/humble/share/nav_msgs/cmake)
[0.283s] -- Found cv_bridge: 3.2.1 (/opt/ros/humble/share/cv_bridge/cmake)
[0.323s] -- Configuring done
[0.331s] -- Generating done
[0.332s] -- Build files have been written to: /home/ender/Desktop/dev_ws/build/environment_detection
[0.349s] [35m[1mConsolidate compiler generated dependencies of target Camera_library[0m
[0.350s] [35m[1mConsolidate compiler generated dependencies of target environment_detection_node[0m
[0.358s] [ 25%] [32mBuilding CXX object CMakeFiles/Camera_library.dir/component/Camera/src/Camera.cpp.o[0m
[0.364s] [ 50%] [32mBuilding CXX object CMakeFiles/environment_detection_node.dir/core/src/main.cpp.o[0m
[0.460s] In file included from [01m[K/home/ender/Desktop/dev_ws/src/environment_detection/component/Camera/src/Camera.cpp:1[m[K:
[0.461s] [01m[K/home/ender/Desktop/dev_ws/src/environment_detection/component/Camera/include/Camera.hpp:4:10:[m[K [01;31m[Kfatal error: [m[Ksensor_msgs/msg/image.hpp: No such file or directory
[0.461s]     4 | #include [01;31m[K<sensor_msgs/msg/image.hpp>[m[K
[0.461s]       |          [01;31m[K^~~~~~~~~~~~~~~~~~~~~~~~~~~[m[K
[0.461s] compilation terminated.
[0.467s] gmake[2]: *** [CMakeFiles/Camera_library.dir/build.make:76: CMakeFiles/Camera_library.dir/component/Camera/src/Camera.cpp.o] Error 1
[0.467s] gmake[1]: *** [CMakeFiles/Makefile2:139: CMakeFiles/Camera_library.dir/all] Error 2
[0.467s] gmake[1]: *** Waiting for unfinished jobs....
[2.378s] [ 75%] [32m[1mLinking CXX executable environment_detection_node[0m
[2.449s] /usr/bin/ld: CMakeFiles/environment_detection_node.dir/core/src/main.cpp.o: in function `void __gnu_cxx::new_allocator<ImageSubscriber>::construct<ImageSubscriber>(ImageSubscriber*)':
[2.449s] main.cpp:(.text._ZN9__gnu_cxx13new_allocatorI15ImageSubscriberE9constructIS1_JEEEvPT_DpOT0_[_ZN9__gnu_cxx13new_allocatorI15ImageSubscriberE9constructIS1_JEEEvPT_DpOT0_]+0x31): undefined reference to `ImageSubscriber::ImageSubscriber()'
[2.452s] collect2: error: ld returned 1 exit status
[2.453s] gmake[2]: *** [CMakeFiles/environment_detection_node.dir/build.make:238: environment_detection_node] Error 1
[2.453s] gmake[1]: *** [CMakeFiles/Makefile2:165: CMakeFiles/environment_detection_node.dir/all] Error 2
[2.453s] gmake: *** [Makefile:146: all] Error 2
[2.455s] Invoked command in '/home/ender/Desktop/dev_ws/build/environment_detection' returned '2': CMAKE_PREFIX_PATH=${CMAKE_PREFIX_PATH}:/home/ender/Desktop/dev_ws/install/nav_controller:/opt/ros/humble /usr/bin/cmake --build /home/ender/Desktop/dev_ws/build/environment_detection -- -j16 -l16
