[0.142s] Invoking command in '/home/ender/Desktop/dev_ws/build/environment_detection': CMAKE_PREFIX_PATH=${CMAKE_PREFIX_PATH}:/home/ender/Desktop/dev_ws/install/control:/opt/ros/humble /usr/bin/cmake --build /home/ender/Desktop/dev_ws/build/environment_detection -- -j16 -l16
[0.169s] [35m[1mConsolidate compiler generated dependencies of target environment_detection_node[0m
[0.185s] [ 50%] [32mBuilding CXX object CMakeFiles/environment_detection_node.dir/src/main.cpp.o[0m
[1.787s] [01m[K/home/ender/Desktop/dev_ws/src/environment_detection/src/main.cpp:[m[K In member function â€˜[01m[Kvoid AgvNode::process_images()[m[Kâ€™:
[1.787s] [01m[K/home/ender/Desktop/dev_ws/src/environment_detection/src/main.cpp:148:49:[m[K [01;31m[Kerror: [m[Kâ€˜[01m[KtopLeft[m[Kâ€™ was not declared in this scope
[1.787s]   148 |             std::cout << "Sol Ãœst (x, y): (" << [01;31m[KtopLeft[m[K.x << ", " << topLeft.y << ")" << std::endl;
[1.787s]       |                                                 [01;31m[K^~~~~~~[m[K
[1.792s] [01m[K/home/ender/Desktop/dev_ws/src/environment_detection/src/main.cpp:149:49:[m[K [01;31m[Kerror: [m[Kâ€˜[01m[KtopRight[m[Kâ€™ was not declared in this scope
[1.792s]   149 |             std::cout << "SaÄŸ Ãœst (x, y): (" << [01;31m[KtopRight[m[K.x << ", " << topRight.y << ")" << std::endl;
[1.792s]       |                                                 [01;31m[K^~~~~~~~[m[K
[1.798s] [01m[K/home/ender/Desktop/dev_ws/src/environment_detection/src/main.cpp:150:49:[m[K [01;31m[Kerror: [m[Kâ€˜[01m[KbottomLeft[m[Kâ€™ was not declared in this scope
[1.798s]   150 |             std::cout << "Sol Alt (x, y): (" << [01;31m[KbottomLeft[m[K.x << ", " << bottomLeft.y << ")" << std::endl;
[1.798s]       |                                                 [01;31m[K^~~~~~~~~~[m[K
[1.804s] [01m[K/home/ender/Desktop/dev_ws/src/environment_detection/src/main.cpp:151:49:[m[K [01;31m[Kerror: [m[Kâ€˜[01m[KbottomRight[m[Kâ€™ was not declared in this scope
[1.804s]   151 |             std::cout << "SaÄŸ Alt (x, y): (" << [01;31m[KbottomRight[m[K.x << ", " << bottomRight.y << ")" << std::endl;
[1.804s]       |                                                 [01;31m[K^~~~~~~~~~~[m[K
[3.229s] gmake[2]: *** [CMakeFiles/environment_detection_node.dir/build.make:76: CMakeFiles/environment_detection_node.dir/src/main.cpp.o] Error 1
[3.230s] gmake[1]: *** [CMakeFiles/Makefile2:137: CMakeFiles/environment_detection_node.dir/all] Error 2
[3.230s] gmake: *** [Makefile:146: all] Error 2
[3.232s] Invoked command in '/home/ender/Desktop/dev_ws/build/environment_detection' returned '2': CMAKE_PREFIX_PATH=${CMAKE_PREFIX_PATH}:/home/ender/Desktop/dev_ws/install/control:/opt/ros/humble /usr/bin/cmake --build /home/ender/Desktop/dev_ws/build/environment_detection -- -j16 -l16
