[35m[1mConsolidate compiler generated dependencies of target environment_detection_node[0m
[ 50%] [32mBuilding CXX object CMakeFiles/environment_detection_node.dir/src/main.cpp.o[0m
[01m[K/home/ender/Desktop/dev_ws/src/environment_detection/src/main.cpp:1:10:[m[K [01;31m[Kfatal error: [m[Kmain.h: No such file or directory
    1 |  [01;31m[K"main.h"[m[K
      |  [01;31m[K^~~~~~~~[m[K

compilation terminated.
gmake[2]: *** [CMakeFiles/environment_detection_node.dir/build.make:76: CMakeFiles/environment_detection_node.dir/src/main.cpp.o] Error 1
gmake[1]: *** [CMakeFiles/Makefile2:137: CMakeFiles/environment_detection_node.dir/all] Error 2
gmake: *** [Makefile:146: all] Error 2
