[0.015s] Invoking command in '/home/ender/Desktop/dev_ws/build/environment_detection': CMAKE_PREFIX_PATH=${CMAKE_PREFIX_PATH}:/home/ender/Desktop/dev_ws/install/nav_controller:/opt/ros/humble /usr/bin/cmake --build /home/ender/Desktop/dev_ws/build/environment_detection -- -j16 -l16
[0.046s] [35m[1mConsolidate compiler generated dependencies of target environment_detection_node[0m
[0.063s] [ 50%] [32mBuilding CXX object CMakeFiles/environment_detection_node.dir/src/main.cpp.o[0m
[0.070s] [01m[K/home/ender/Desktop/dev_ws/src/environment_detection/src/main.cpp:1:10:[m[K [01;31m[Kfatal error: [m[Kmain.h: No such file or directory
[0.070s]     1 |  [01;31m[K"main.h"[m[K
[0.070s]       |  [01;31m[K^~~~~~~~[m[K
[0.070s] 
[0.070s] compilation terminated.
[0.070s] gmake[2]: *** [CMakeFiles/environment_detection_node.dir/build.make:76: CMakeFiles/environment_detection_node.dir/src/main.cpp.o] Error 1
[0.070s] gmake[1]: *** [CMakeFiles/Makefile2:137: CMakeFiles/environment_detection_node.dir/all] Error 2
[0.070s] gmake: *** [Makefile:146: all] Error 2
[0.168s] Invoked command in '/home/ender/Desktop/dev_ws/build/environment_detection' returned '2': CMAKE_PREFIX_PATH=${CMAKE_PREFIX_PATH}:/home/ender/Desktop/dev_ws/install/nav_controller:/opt/ros/humble /usr/bin/cmake --build /home/ender/Desktop/dev_ws/build/environment_detection -- -j16 -l16
